[2024-08-07T15:44:12.712+0000] {local_task_job_runner.py:120} INFO - ::group::Pre task execution logs
[2024-08-07T15:44:12.737+0000] {taskinstance.py:2076} INFO - Dependencies all met for dep_context=non-requeueable deps ti=<TaskInstance: dag_prueba_tecnica.limpieza manual__2024-08-07T15:43:57.042943+00:00 [queued]>
[2024-08-07T15:44:12.743+0000] {taskinstance.py:2076} INFO - Dependencies all met for dep_context=requeueable deps ti=<TaskInstance: dag_prueba_tecnica.limpieza manual__2024-08-07T15:43:57.042943+00:00 [queued]>
[2024-08-07T15:44:12.743+0000] {taskinstance.py:2306} INFO - Starting attempt 1 of 6
[2024-08-07T15:44:12.755+0000] {taskinstance.py:2330} INFO - Executing <Task(PythonOperator): limpieza> on 2024-08-07 15:43:57.042943+00:00
[2024-08-07T15:44:12.763+0000] {warnings.py:112} WARNING - /home/***/.local/lib/python3.12/site-packages/***/task/task_runner/standard_task_runner.py:62: DeprecationWarning: This process (pid=88) is multi-threaded, use of fork() may lead to deadlocks in the child.
  pid = os.fork()

[2024-08-07T15:44:12.764+0000] {standard_task_runner.py:90} INFO - Running: ['***', 'tasks', 'run', 'dag_prueba_tecnica', 'limpieza', 'manual__2024-08-07T15:43:57.042943+00:00', '--job-id', '125', '--raw', '--subdir', 'DAGS_FOLDER/dag_prueba_tecnica.py', '--cfg-path', '/tmp/tmpgjqqbsbb']
[2024-08-07T15:44:12.764+0000] {standard_task_runner.py:64} INFO - Started process 108 to run task
[2024-08-07T15:44:12.765+0000] {standard_task_runner.py:91} INFO - Job 125: Subtask limpieza
[2024-08-07T15:44:12.801+0000] {task_command.py:426} INFO - Running <TaskInstance: dag_prueba_tecnica.limpieza manual__2024-08-07T15:43:57.042943+00:00 [running]> on host 278ba5711b2c
[2024-08-07T15:44:12.865+0000] {taskinstance.py:2648} INFO - Exporting env vars: AIRFLOW_CTX_DAG_OWNER='miguel_guimarey' AIRFLOW_CTX_DAG_ID='dag_prueba_tecnica' AIRFLOW_CTX_TASK_ID='limpieza' AIRFLOW_CTX_EXECUTION_DATE='2024-08-07T15:43:57.042943+00:00' AIRFLOW_CTX_TRY_NUMBER='1' AIRFLOW_CTX_DAG_RUN_ID='manual__2024-08-07T15:43:57.042943+00:00'
[2024-08-07T15:44:12.866+0000] {taskinstance.py:430} INFO - ::endgroup::
[2024-08-07T15:44:15.637+0000] {warnings.py:112} WARNING - /opt/***/dags/dag_prueba_tecnica.py:37: FutureWarning: Passing literal json to 'read_json' is deprecated and will be removed in a future version. To read from a literal string, wrap it in a 'StringIO' object.
  df = pd.read_json(data, orient='records')

[2024-08-07T15:44:27.957+0000] {base.py:84} INFO - Using connection ID 'postgres_localhost' for task execution.
[2024-08-07T15:45:07.806+0000] {python.py:237} INFO - Done. Returned value was: None
[2024-08-07T15:45:07.807+0000] {taskinstance.py:441} INFO - ::group::Post task execution logs
[2024-08-07T15:45:07.814+0000] {taskinstance.py:1206} INFO - Marking task as SUCCESS. dag_id=dag_prueba_tecnica, task_id=limpieza, run_id=manual__2024-08-07T15:43:57.042943+00:00, execution_date=20240807T154357, start_date=20240807T154412, end_date=20240807T154507
[2024-08-07T15:45:07.945+0000] {local_task_job_runner.py:243} INFO - Task exited with return code 0
[2024-08-07T15:45:07.961+0000] {taskinstance.py:3503} INFO - 1 downstream tasks scheduled from follow-on schedule check
[2024-08-07T15:45:07.964+0000] {local_task_job_runner.py:222} INFO - ::endgroup::
