[2024-08-08T09:35:25.053+0000] {local_task_job_runner.py:120} INFO - ::group::Pre task execution logs
[2024-08-08T09:35:25.138+0000] {taskinstance.py:2076} INFO - Dependencies all met for dep_context=non-requeueable deps ti=<TaskInstance: dag_prueba_tecnica.entrenamiento manual__2024-08-08T09:27:19.569952+00:00 [queued]>
[2024-08-08T09:35:25.157+0000] {taskinstance.py:2076} INFO - Dependencies all met for dep_context=requeueable deps ti=<TaskInstance: dag_prueba_tecnica.entrenamiento manual__2024-08-08T09:27:19.569952+00:00 [queued]>
[2024-08-08T09:35:25.157+0000] {taskinstance.py:2306} INFO - Starting attempt 1 of 6
[2024-08-08T09:35:25.177+0000] {taskinstance.py:2330} INFO - Executing <Task(PythonOperator): entrenamiento> on 2024-08-08 09:27:19.569952+00:00
[2024-08-08T09:35:25.185+0000] {standard_task_runner.py:90} INFO - Running: ['***', 'tasks', 'run', 'dag_prueba_tecnica', 'entrenamiento', 'manual__2024-08-08T09:27:19.569952+00:00', '--job-id', '8', '--raw', '--subdir', 'DAGS_FOLDER/dag_prueba_tecnica.py', '--cfg-path', '/tmp/tmpkrss1hc5']
[2024-08-08T09:35:25.186+0000] {standard_task_runner.py:91} INFO - Job 8: Subtask entrenamiento
[2024-08-08T09:35:25.189+0000] {warnings.py:112} WARNING - /home/***/.local/lib/python3.12/site-packages/***/task/task_runner/standard_task_runner.py:62: DeprecationWarning: This process (pid=235) is multi-threaded, use of fork() may lead to deadlocks in the child.
  pid = os.fork()

[2024-08-08T09:35:25.190+0000] {standard_task_runner.py:64} INFO - Started process 248 to run task
[2024-08-08T09:35:25.228+0000] {task_command.py:426} INFO - Running <TaskInstance: dag_prueba_tecnica.entrenamiento manual__2024-08-08T09:27:19.569952+00:00 [running]> on host 9fb498cdebb0
[2024-08-08T09:35:25.367+0000] {taskinstance.py:2648} INFO - Exporting env vars: AIRFLOW_CTX_DAG_OWNER='miguel_guimarey' AIRFLOW_CTX_DAG_ID='dag_prueba_tecnica' AIRFLOW_CTX_TASK_ID='entrenamiento' AIRFLOW_CTX_EXECUTION_DATE='2024-08-08T09:27:19.569952+00:00' AIRFLOW_CTX_TRY_NUMBER='1' AIRFLOW_CTX_DAG_RUN_ID='manual__2024-08-08T09:27:19.569952+00:00'
[2024-08-08T09:35:25.368+0000] {taskinstance.py:430} INFO - ::endgroup::
[2024-08-08T09:35:25.412+0000] {base.py:84} INFO - Using connection ID 'postgres_localhost' for task execution.
[2024-08-08T09:35:33.638+0000] {logging_mixin.py:188} INFO - Entrenamos el modelo
[2024-08-08T09:35:34.671+0000] {logging_mixin.py:188} INFO - [0]	validation_0-auc:0.64309
[2024-08-08T09:35:34.838+0000] {logging_mixin.py:188} INFO - [1]	validation_0-auc:0.65000
[2024-08-08T09:35:35.043+0000] {logging_mixin.py:188} INFO - [2]	validation_0-auc:0.65650
[2024-08-08T09:35:35.052+0000] {logging_mixin.py:188} INFO - [3]	validation_0-auc:0.66018
[2024-08-08T09:35:35.105+0000] {logging_mixin.py:188} INFO - [4]	validation_0-auc:0.66084
[2024-08-08T09:35:35.680+0000] {logging_mixin.py:188} INFO - [5]	validation_0-auc:0.66346
[2024-08-08T09:35:36.163+0000] {logging_mixin.py:188} INFO - [6]	validation_0-auc:0.66695
[2024-08-08T09:35:36.548+0000] {logging_mixin.py:188} INFO - [7]	validation_0-auc:0.67142
[2024-08-08T09:35:36.716+0000] {logging_mixin.py:188} INFO - [8]	validation_0-auc:0.67278
[2024-08-08T09:35:36.860+0000] {logging_mixin.py:188} INFO - [9]	validation_0-auc:0.67381
[2024-08-08T09:35:36.968+0000] {logging_mixin.py:188} INFO - [10]	validation_0-auc:0.67610
[2024-08-08T09:35:37.001+0000] {logging_mixin.py:188} INFO - [11]	validation_0-auc:0.67655
[2024-08-08T09:35:37.099+0000] {logging_mixin.py:188} INFO - [12]	validation_0-auc:0.67815
[2024-08-08T09:35:37.112+0000] {logging_mixin.py:188} INFO - [13]	validation_0-auc:0.67874
[2024-08-08T09:35:37.121+0000] {logging_mixin.py:188} INFO - [14]	validation_0-auc:0.67847
[2024-08-08T09:35:37.130+0000] {logging_mixin.py:188} INFO - [15]	validation_0-auc:0.68046
[2024-08-08T09:35:37.159+0000] {logging_mixin.py:188} INFO - [16]	validation_0-auc:0.68222
[2024-08-08T09:35:37.168+0000] {logging_mixin.py:188} INFO - [17]	validation_0-auc:0.68232
[2024-08-08T09:35:37.176+0000] {logging_mixin.py:188} INFO - [18]	validation_0-auc:0.68252
[2024-08-08T09:35:37.183+0000] {logging_mixin.py:188} INFO - [19]	validation_0-auc:0.68290
[2024-08-08T09:35:37.194+0000] {logging_mixin.py:188} INFO - [20]	validation_0-auc:0.68216
[2024-08-08T09:35:37.202+0000] {logging_mixin.py:188} INFO - [21]	validation_0-auc:0.68306
[2024-08-08T09:35:37.209+0000] {logging_mixin.py:188} INFO - [22]	validation_0-auc:0.68293
[2024-08-08T09:35:37.215+0000] {logging_mixin.py:188} INFO - [23]	validation_0-auc:0.68334
[2024-08-08T09:35:37.224+0000] {logging_mixin.py:188} INFO - [24]	validation_0-auc:0.68413
[2024-08-08T09:35:37.231+0000] {logging_mixin.py:188} INFO - [25]	validation_0-auc:0.68420
[2024-08-08T09:35:37.238+0000] {logging_mixin.py:188} INFO - [26]	validation_0-auc:0.68382
[2024-08-08T09:35:37.248+0000] {logging_mixin.py:188} INFO - [27]	validation_0-auc:0.68347
[2024-08-08T09:35:37.256+0000] {logging_mixin.py:188} INFO - [28]	validation_0-auc:0.68391
[2024-08-08T09:35:37.262+0000] {logging_mixin.py:188} INFO - [29]	validation_0-auc:0.68385
[2024-08-08T09:35:37.268+0000] {logging_mixin.py:188} INFO - [30]	validation_0-auc:0.68393
[2024-08-08T09:35:37.275+0000] {logging_mixin.py:188} INFO - [31]	validation_0-auc:0.68350
[2024-08-08T09:35:37.283+0000] {logging_mixin.py:188} INFO - [32]	validation_0-auc:0.68348
[2024-08-08T09:35:37.289+0000] {logging_mixin.py:188} INFO - [33]	validation_0-auc:0.68337
[2024-08-08T09:35:37.297+0000] {logging_mixin.py:188} INFO - [34]	validation_0-auc:0.68364
[2024-08-08T09:35:37.304+0000] {logging_mixin.py:188} INFO - [35]	validation_0-auc:0.68320
[2024-08-08T09:35:37.314+0000] {logging_mixin.py:188} INFO - [36]	validation_0-auc:0.68295
[2024-08-08T09:35:37.322+0000] {logging_mixin.py:188} INFO - [37]	validation_0-auc:0.68358
[2024-08-08T09:35:37.330+0000] {logging_mixin.py:188} INFO - [38]	validation_0-auc:0.68338
[2024-08-08T09:35:37.353+0000] {logging_mixin.py:188} INFO - [39]	validation_0-auc:0.68373
[2024-08-08T09:35:37.360+0000] {logging_mixin.py:188} INFO - [40]	validation_0-auc:0.68468
[2024-08-08T09:35:37.437+0000] {logging_mixin.py:188} INFO - [41]	validation_0-auc:0.68543
[2024-08-08T09:35:37.446+0000] {logging_mixin.py:188} INFO - [42]	validation_0-auc:0.68535
[2024-08-08T09:35:37.453+0000] {logging_mixin.py:188} INFO - [43]	validation_0-auc:0.68540
[2024-08-08T09:35:37.488+0000] {logging_mixin.py:188} INFO - [44]	validation_0-auc:0.68506
[2024-08-08T09:35:37.496+0000] {logging_mixin.py:188} INFO - [45]	validation_0-auc:0.68511
[2024-08-08T09:35:37.502+0000] {logging_mixin.py:188} INFO - [46]	validation_0-auc:0.68580
[2024-08-08T09:35:37.510+0000] {logging_mixin.py:188} INFO - [47]	validation_0-auc:0.68598
[2024-08-08T09:35:37.517+0000] {logging_mixin.py:188} INFO - [48]	validation_0-auc:0.68577
[2024-08-08T09:35:37.525+0000] {logging_mixin.py:188} INFO - [49]	validation_0-auc:0.68577
[2024-08-08T09:35:37.533+0000] {logging_mixin.py:188} INFO - [50]	validation_0-auc:0.68630
[2024-08-08T09:35:37.541+0000] {logging_mixin.py:188} INFO - [51]	validation_0-auc:0.68697
[2024-08-08T09:35:37.548+0000] {logging_mixin.py:188} INFO - [52]	validation_0-auc:0.68660
[2024-08-08T09:35:37.554+0000] {logging_mixin.py:188} INFO - [53]	validation_0-auc:0.68681
[2024-08-08T09:35:37.561+0000] {logging_mixin.py:188} INFO - [54]	validation_0-auc:0.68669
[2024-08-08T09:35:37.568+0000] {logging_mixin.py:188} INFO - [55]	validation_0-auc:0.68691
[2024-08-08T09:35:37.577+0000] {logging_mixin.py:188} INFO - [56]	validation_0-auc:0.68695
[2024-08-08T09:35:37.589+0000] {logging_mixin.py:188} INFO - [57]	validation_0-auc:0.68765
[2024-08-08T09:35:37.612+0000] {logging_mixin.py:188} INFO - [58]	validation_0-auc:0.68757
[2024-08-08T09:35:37.627+0000] {logging_mixin.py:188} INFO - [59]	validation_0-auc:0.68843
[2024-08-08T09:35:37.642+0000] {logging_mixin.py:188} INFO - [60]	validation_0-auc:0.68783
[2024-08-08T09:35:37.650+0000] {logging_mixin.py:188} INFO - [61]	validation_0-auc:0.68768
[2024-08-08T09:35:37.658+0000] {logging_mixin.py:188} INFO - [62]	validation_0-auc:0.68709
[2024-08-08T09:35:37.664+0000] {logging_mixin.py:188} INFO - [63]	validation_0-auc:0.68664
[2024-08-08T09:35:37.673+0000] {logging_mixin.py:188} INFO - [64]	validation_0-auc:0.68732
[2024-08-08T09:35:37.712+0000] {logging_mixin.py:188} INFO - [65]	validation_0-auc:0.68842
[2024-08-08T09:35:37.827+0000] {logging_mixin.py:188} INFO - [66]	validation_0-auc:0.68827
[2024-08-08T09:35:38.126+0000] {logging_mixin.py:188} INFO - [67]	validation_0-auc:0.68798
[2024-08-08T09:35:38.134+0000] {logging_mixin.py:188} INFO - [68]	validation_0-auc:0.68794
[2024-08-08T09:35:38.163+0000] {logging_mixin.py:188} INFO - [69]	validation_0-auc:0.68792
[2024-08-08T09:35:38.171+0000] {logging_mixin.py:188} INFO - [70]	validation_0-auc:0.68788
[2024-08-08T09:35:38.181+0000] {logging_mixin.py:188} INFO - [71]	validation_0-auc:0.68782
[2024-08-08T09:35:38.188+0000] {logging_mixin.py:188} INFO - [72]	validation_0-auc:0.68806
[2024-08-08T09:35:38.217+0000] {logging_mixin.py:188} INFO - [73]	validation_0-auc:0.68847
[2024-08-08T09:35:38.224+0000] {logging_mixin.py:188} INFO - [74]	validation_0-auc:0.68804
[2024-08-08T09:35:38.232+0000] {logging_mixin.py:188} INFO - [75]	validation_0-auc:0.68826
[2024-08-08T09:35:38.242+0000] {logging_mixin.py:188} INFO - [76]	validation_0-auc:0.68839
[2024-08-08T09:35:38.254+0000] {logging_mixin.py:188} INFO - [77]	validation_0-auc:0.68849
[2024-08-08T09:35:38.274+0000] {logging_mixin.py:188} INFO - [78]	validation_0-auc:0.68826
[2024-08-08T09:35:38.281+0000] {logging_mixin.py:188} INFO - [79]	validation_0-auc:0.68792
[2024-08-08T09:35:38.287+0000] {logging_mixin.py:188} INFO - [80]	validation_0-auc:0.68799
[2024-08-08T09:35:38.294+0000] {logging_mixin.py:188} INFO - [81]	validation_0-auc:0.68817
[2024-08-08T09:35:38.300+0000] {logging_mixin.py:188} INFO - [82]	validation_0-auc:0.68860
[2024-08-08T09:35:38.305+0000] {logging_mixin.py:188} INFO - [83]	validation_0-auc:0.68813
[2024-08-08T09:35:38.316+0000] {logging_mixin.py:188} INFO - [84]	validation_0-auc:0.68739
[2024-08-08T09:35:38.323+0000] {logging_mixin.py:188} INFO - [85]	validation_0-auc:0.68722
[2024-08-08T09:35:38.332+0000] {logging_mixin.py:188} INFO - [86]	validation_0-auc:0.68661
[2024-08-08T09:35:38.339+0000] {logging_mixin.py:188} INFO - [87]	validation_0-auc:0.68690
[2024-08-08T09:35:38.346+0000] {logging_mixin.py:188} INFO - [88]	validation_0-auc:0.68658
[2024-08-08T09:35:38.352+0000] {logging_mixin.py:188} INFO - [89]	validation_0-auc:0.68660
[2024-08-08T09:35:38.359+0000] {logging_mixin.py:188} INFO - [90]	validation_0-auc:0.68658
[2024-08-08T09:35:38.372+0000] {logging_mixin.py:188} INFO - [91]	validation_0-auc:0.68642
[2024-08-08T09:35:38.382+0000] {logging_mixin.py:188} INFO - [92]	validation_0-auc:0.68646
[2024-08-08T09:35:38.390+0000] {logging_mixin.py:188} INFO - [93]	validation_0-auc:0.68585
[2024-08-08T09:35:38.407+0000] {logging_mixin.py:188} INFO - [94]	validation_0-auc:0.68586
[2024-08-08T09:35:38.420+0000] {logging_mixin.py:188} INFO - [95]	validation_0-auc:0.68545
[2024-08-08T09:35:38.437+0000] {logging_mixin.py:188} INFO - [96]	validation_0-auc:0.68539
[2024-08-08T09:35:38.468+0000] {logging_mixin.py:188} INFO - [97]	validation_0-auc:0.68532
[2024-08-08T09:35:38.475+0000] {logging_mixin.py:188} INFO - [98]	validation_0-auc:0.68442
[2024-08-08T09:35:38.483+0000] {logging_mixin.py:188} INFO - [99]	validation_0-auc:0.68448
[2024-08-08T09:35:38.601+0000] {logging_mixin.py:188} INFO - AUC Train: 0.6272
AUC Valid: 0.6302
[2024-08-08T09:35:38.602+0000] {python.py:237} INFO - Done. Returned value was: None
[2024-08-08T09:35:38.603+0000] {taskinstance.py:441} INFO - ::group::Post task execution logs
[2024-08-08T09:35:38.609+0000] {taskinstance.py:1206} INFO - Marking task as SUCCESS. dag_id=dag_prueba_tecnica, task_id=entrenamiento, run_id=manual__2024-08-08T09:27:19.569952+00:00, execution_date=20240808T092719, start_date=20240808T093525, end_date=20240808T093538
[2024-08-08T09:35:38.690+0000] {local_task_job_runner.py:243} INFO - Task exited with return code 0
[2024-08-08T09:35:38.644+0000] {taskinstance.py:3503} INFO - 0 downstream tasks scheduled from follow-on schedule check
[2024-08-08T09:35:38.657+0000] {local_task_job_runner.py:222} INFO - ::endgroup::
