[2024-08-12T11:13:30.565+0000] {local_task_job_runner.py:120} INFO - ::group::Pre task execution logs
[2024-08-12T11:13:30.589+0000] {taskinstance.py:2076} INFO - Dependencies all met for dep_context=non-requeueable deps ti=<TaskInstance: dag_prueba_tecnica.entrenamiento scheduled__2024-08-08T00:00:00+00:00 [queued]>
[2024-08-12T11:13:30.595+0000] {taskinstance.py:2076} INFO - Dependencies all met for dep_context=requeueable deps ti=<TaskInstance: dag_prueba_tecnica.entrenamiento scheduled__2024-08-08T00:00:00+00:00 [queued]>
[2024-08-12T11:13:30.596+0000] {taskinstance.py:2306} INFO - Starting attempt 1 of 6
[2024-08-12T11:13:30.607+0000] {taskinstance.py:2330} INFO - Executing <Task(PythonOperator): entrenamiento> on 2024-08-08 00:00:00+00:00
[2024-08-12T11:13:30.617+0000] {standard_task_runner.py:90} INFO - Running: ['***', 'tasks', 'run', 'dag_prueba_tecnica', 'entrenamiento', 'scheduled__2024-08-08T00:00:00+00:00', '--job-id', '289', '--raw', '--subdir', 'DAGS_FOLDER/dag_prueba_tecnica.py', '--cfg-path', '/tmp/tmpc2x4izuo']
[2024-08-12T11:13:30.617+0000] {warnings.py:112} WARNING - /home/***/.local/lib/python3.12/site-packages/***/task/task_runner/standard_task_runner.py:62: DeprecationWarning: This process (pid=1746) is multi-threaded, use of fork() may lead to deadlocks in the child.
  pid = os.fork()

[2024-08-12T11:13:30.618+0000] {standard_task_runner.py:91} INFO - Job 289: Subtask entrenamiento
[2024-08-12T11:13:30.618+0000] {standard_task_runner.py:64} INFO - Started process 1759 to run task
[2024-08-12T11:13:30.659+0000] {task_command.py:426} INFO - Running <TaskInstance: dag_prueba_tecnica.entrenamiento scheduled__2024-08-08T00:00:00+00:00 [running]> on host 0ad27a48216c
[2024-08-12T11:13:30.735+0000] {taskinstance.py:2648} INFO - Exporting env vars: AIRFLOW_CTX_DAG_OWNER='miguel_guimarey' AIRFLOW_CTX_DAG_ID='dag_prueba_tecnica' AIRFLOW_CTX_TASK_ID='entrenamiento' AIRFLOW_CTX_EXECUTION_DATE='2024-08-08T00:00:00+00:00' AIRFLOW_CTX_TRY_NUMBER='1' AIRFLOW_CTX_DAG_RUN_ID='scheduled__2024-08-08T00:00:00+00:00'
[2024-08-12T11:13:30.736+0000] {taskinstance.py:430} INFO - ::endgroup::
[2024-08-12T11:13:30.744+0000] {base.py:84} INFO - Using connection ID 'postgres_localhost' for task execution.
[2024-08-12T11:13:38.156+0000] {logging_mixin.py:188} INFO - Entrenamos el modelo
[2024-08-12T11:13:38.719+0000] {logging_mixin.py:188} INFO - [0]	validation_0-auc:0.64309
[2024-08-12T11:13:38.750+0000] {logging_mixin.py:188} INFO - [1]	validation_0-auc:0.65000
[2024-08-12T11:13:38.765+0000] {logging_mixin.py:188} INFO - [2]	validation_0-auc:0.65650
[2024-08-12T11:13:38.781+0000] {logging_mixin.py:188} INFO - [3]	validation_0-auc:0.66018
[2024-08-12T11:13:38.793+0000] {logging_mixin.py:188} INFO - [4]	validation_0-auc:0.66084
[2024-08-12T11:13:38.811+0000] {logging_mixin.py:188} INFO - [5]	validation_0-auc:0.66346
[2024-08-12T11:13:38.832+0000] {logging_mixin.py:188} INFO - [6]	validation_0-auc:0.66695
[2024-08-12T11:13:38.851+0000] {logging_mixin.py:188} INFO - [7]	validation_0-auc:0.67142
[2024-08-12T11:13:38.892+0000] {logging_mixin.py:188} INFO - [8]	validation_0-auc:0.67278
[2024-08-12T11:13:38.910+0000] {logging_mixin.py:188} INFO - [9]	validation_0-auc:0.67381
[2024-08-12T11:13:38.930+0000] {logging_mixin.py:188} INFO - [10]	validation_0-auc:0.67610
[2024-08-12T11:13:38.949+0000] {logging_mixin.py:188} INFO - [11]	validation_0-auc:0.67655
[2024-08-12T11:13:38.964+0000] {logging_mixin.py:188} INFO - [12]	validation_0-auc:0.67815
[2024-08-12T11:13:38.980+0000] {logging_mixin.py:188} INFO - [13]	validation_0-auc:0.67874
[2024-08-12T11:13:38.995+0000] {logging_mixin.py:188} INFO - [14]	validation_0-auc:0.67847
[2024-08-12T11:13:39.012+0000] {logging_mixin.py:188} INFO - [15]	validation_0-auc:0.68046
[2024-08-12T11:13:39.026+0000] {logging_mixin.py:188} INFO - [16]	validation_0-auc:0.68222
[2024-08-12T11:13:39.040+0000] {logging_mixin.py:188} INFO - [17]	validation_0-auc:0.68232
[2024-08-12T11:13:39.050+0000] {logging_mixin.py:188} INFO - [18]	validation_0-auc:0.68252
[2024-08-12T11:13:39.062+0000] {logging_mixin.py:188} INFO - [19]	validation_0-auc:0.68290
[2024-08-12T11:13:39.074+0000] {logging_mixin.py:188} INFO - [20]	validation_0-auc:0.68216
[2024-08-12T11:13:39.088+0000] {logging_mixin.py:188} INFO - [21]	validation_0-auc:0.68306
[2024-08-12T11:13:39.103+0000] {logging_mixin.py:188} INFO - [22]	validation_0-auc:0.68293
[2024-08-12T11:13:39.121+0000] {logging_mixin.py:188} INFO - [23]	validation_0-auc:0.68334
[2024-08-12T11:13:39.138+0000] {logging_mixin.py:188} INFO - [24]	validation_0-auc:0.68413
[2024-08-12T11:13:39.155+0000] {logging_mixin.py:188} INFO - [25]	validation_0-auc:0.68420
[2024-08-12T11:13:39.171+0000] {logging_mixin.py:188} INFO - [26]	validation_0-auc:0.68382
[2024-08-12T11:13:39.187+0000] {logging_mixin.py:188} INFO - [27]	validation_0-auc:0.68347
[2024-08-12T11:13:39.203+0000] {logging_mixin.py:188} INFO - [28]	validation_0-auc:0.68391
[2024-08-12T11:13:39.216+0000] {logging_mixin.py:188} INFO - [29]	validation_0-auc:0.68385
[2024-08-12T11:13:39.228+0000] {logging_mixin.py:188} INFO - [30]	validation_0-auc:0.68393
[2024-08-12T11:13:39.239+0000] {logging_mixin.py:188} INFO - [31]	validation_0-auc:0.68350
[2024-08-12T11:13:39.250+0000] {logging_mixin.py:188} INFO - [32]	validation_0-auc:0.68348
[2024-08-12T11:13:39.256+0000] {logging_mixin.py:188} INFO - [33]	validation_0-auc:0.68337
[2024-08-12T11:13:39.262+0000] {logging_mixin.py:188} INFO - [34]	validation_0-auc:0.68364
[2024-08-12T11:13:39.269+0000] {logging_mixin.py:188} INFO - [35]	validation_0-auc:0.68320
[2024-08-12T11:13:39.276+0000] {logging_mixin.py:188} INFO - [36]	validation_0-auc:0.68295
[2024-08-12T11:13:39.288+0000] {logging_mixin.py:188} INFO - [37]	validation_0-auc:0.68358
[2024-08-12T11:13:39.295+0000] {logging_mixin.py:188} INFO - [38]	validation_0-auc:0.68338
[2024-08-12T11:13:39.301+0000] {logging_mixin.py:188} INFO - [39]	validation_0-auc:0.68373
[2024-08-12T11:13:39.311+0000] {logging_mixin.py:188} INFO - [40]	validation_0-auc:0.68468
[2024-08-12T11:13:39.322+0000] {logging_mixin.py:188} INFO - [41]	validation_0-auc:0.68543
[2024-08-12T11:13:39.334+0000] {logging_mixin.py:188} INFO - [42]	validation_0-auc:0.68535
[2024-08-12T11:13:39.345+0000] {logging_mixin.py:188} INFO - [43]	validation_0-auc:0.68540
[2024-08-12T11:13:39.358+0000] {logging_mixin.py:188} INFO - [44]	validation_0-auc:0.68506
[2024-08-12T11:13:39.371+0000] {logging_mixin.py:188} INFO - [45]	validation_0-auc:0.68511
[2024-08-12T11:13:39.387+0000] {logging_mixin.py:188} INFO - [46]	validation_0-auc:0.68580
[2024-08-12T11:13:39.399+0000] {logging_mixin.py:188} INFO - [47]	validation_0-auc:0.68598
[2024-08-12T11:13:39.410+0000] {logging_mixin.py:188} INFO - [48]	validation_0-auc:0.68577
[2024-08-12T11:13:39.422+0000] {logging_mixin.py:188} INFO - [49]	validation_0-auc:0.68577
[2024-08-12T11:13:39.434+0000] {logging_mixin.py:188} INFO - [50]	validation_0-auc:0.68630
[2024-08-12T11:13:39.446+0000] {logging_mixin.py:188} INFO - [51]	validation_0-auc:0.68697
[2024-08-12T11:13:39.456+0000] {logging_mixin.py:188} INFO - [52]	validation_0-auc:0.68660
[2024-08-12T11:13:39.467+0000] {logging_mixin.py:188} INFO - [53]	validation_0-auc:0.68681
[2024-08-12T11:13:39.493+0000] {logging_mixin.py:188} INFO - [54]	validation_0-auc:0.68669
[2024-08-12T11:13:39.504+0000] {logging_mixin.py:188} INFO - [55]	validation_0-auc:0.68691
[2024-08-12T11:13:39.516+0000] {logging_mixin.py:188} INFO - [56]	validation_0-auc:0.68695
[2024-08-12T11:13:39.529+0000] {logging_mixin.py:188} INFO - [57]	validation_0-auc:0.68765
[2024-08-12T11:13:39.541+0000] {logging_mixin.py:188} INFO - [58]	validation_0-auc:0.68757
[2024-08-12T11:13:39.553+0000] {logging_mixin.py:188} INFO - [59]	validation_0-auc:0.68843
[2024-08-12T11:13:39.561+0000] {logging_mixin.py:188} INFO - [60]	validation_0-auc:0.68783
[2024-08-12T11:13:39.567+0000] {logging_mixin.py:188} INFO - [61]	validation_0-auc:0.68768
[2024-08-12T11:13:39.575+0000] {logging_mixin.py:188} INFO - [62]	validation_0-auc:0.68709
[2024-08-12T11:13:39.597+0000] {logging_mixin.py:188} INFO - [63]	validation_0-auc:0.68664
[2024-08-12T11:13:39.608+0000] {logging_mixin.py:188} INFO - [64]	validation_0-auc:0.68732
[2024-08-12T11:13:39.615+0000] {logging_mixin.py:188} INFO - [65]	validation_0-auc:0.68842
[2024-08-12T11:13:39.629+0000] {logging_mixin.py:188} INFO - [66]	validation_0-auc:0.68827
[2024-08-12T11:13:39.649+0000] {logging_mixin.py:188} INFO - [67]	validation_0-auc:0.68798
[2024-08-12T11:13:39.664+0000] {logging_mixin.py:188} INFO - [68]	validation_0-auc:0.68794
[2024-08-12T11:13:39.681+0000] {logging_mixin.py:188} INFO - [69]	validation_0-auc:0.68792
[2024-08-12T11:13:39.699+0000] {logging_mixin.py:188} INFO - [70]	validation_0-auc:0.68788
[2024-08-12T11:13:39.731+0000] {logging_mixin.py:188} INFO - [71]	validation_0-auc:0.68782
[2024-08-12T11:13:39.745+0000] {logging_mixin.py:188} INFO - [72]	validation_0-auc:0.68806
[2024-08-12T11:13:39.777+0000] {logging_mixin.py:188} INFO - [73]	validation_0-auc:0.68847
[2024-08-12T11:13:39.813+0000] {logging_mixin.py:188} INFO - [74]	validation_0-auc:0.68804
[2024-08-12T11:13:39.830+0000] {logging_mixin.py:188} INFO - [75]	validation_0-auc:0.68826
[2024-08-12T11:13:39.845+0000] {logging_mixin.py:188} INFO - [76]	validation_0-auc:0.68839
[2024-08-12T11:13:39.858+0000] {logging_mixin.py:188} INFO - [77]	validation_0-auc:0.68849
[2024-08-12T11:13:39.870+0000] {logging_mixin.py:188} INFO - [78]	validation_0-auc:0.68826
[2024-08-12T11:13:39.879+0000] {logging_mixin.py:188} INFO - [79]	validation_0-auc:0.68792
[2024-08-12T11:13:39.888+0000] {logging_mixin.py:188} INFO - [80]	validation_0-auc:0.68799
[2024-08-12T11:13:39.899+0000] {logging_mixin.py:188} INFO - [81]	validation_0-auc:0.68817
[2024-08-12T11:13:39.906+0000] {logging_mixin.py:188} INFO - [82]	validation_0-auc:0.68860
[2024-08-12T11:13:39.912+0000] {logging_mixin.py:188} INFO - [83]	validation_0-auc:0.68813
[2024-08-12T11:13:39.920+0000] {logging_mixin.py:188} INFO - [84]	validation_0-auc:0.68739
[2024-08-12T11:13:39.928+0000] {logging_mixin.py:188} INFO - [85]	validation_0-auc:0.68722
[2024-08-12T11:13:39.940+0000] {logging_mixin.py:188} INFO - [86]	validation_0-auc:0.68661
[2024-08-12T11:13:39.951+0000] {logging_mixin.py:188} INFO - [87]	validation_0-auc:0.68690
[2024-08-12T11:13:39.963+0000] {logging_mixin.py:188} INFO - [88]	validation_0-auc:0.68658
[2024-08-12T11:13:39.983+0000] {logging_mixin.py:188} INFO - [89]	validation_0-auc:0.68660
[2024-08-12T11:13:40.017+0000] {logging_mixin.py:188} INFO - [90]	validation_0-auc:0.68658
[2024-08-12T11:13:40.031+0000] {logging_mixin.py:188} INFO - [91]	validation_0-auc:0.68642
[2024-08-12T11:13:40.042+0000] {logging_mixin.py:188} INFO - [92]	validation_0-auc:0.68646
[2024-08-12T11:13:40.053+0000] {logging_mixin.py:188} INFO - [93]	validation_0-auc:0.68585
[2024-08-12T11:13:40.064+0000] {logging_mixin.py:188} INFO - [94]	validation_0-auc:0.68586
[2024-08-12T11:13:40.077+0000] {logging_mixin.py:188} INFO - [95]	validation_0-auc:0.68545
[2024-08-12T11:13:40.090+0000] {logging_mixin.py:188} INFO - [96]	validation_0-auc:0.68539
[2024-08-12T11:13:40.103+0000] {logging_mixin.py:188} INFO - [97]	validation_0-auc:0.68532
[2024-08-12T11:13:40.114+0000] {logging_mixin.py:188} INFO - [98]	validation_0-auc:0.68442
[2024-08-12T11:13:40.124+0000] {logging_mixin.py:188} INFO - [99]	validation_0-auc:0.68448
[2024-08-12T11:13:40.187+0000] {logging_mixin.py:188} INFO - 
AUC Train: 0.6272
AUC Valid: 0.6302
[2024-08-12T11:13:40.189+0000] {logging_mixin.py:188} INFO - 
Accuracy: 0.6273
[2024-08-12T11:13:40.190+0000] {python.py:237} INFO - Done. Returned value was: None
[2024-08-12T11:13:40.191+0000] {taskinstance.py:441} INFO - ::group::Post task execution logs
[2024-08-12T11:13:40.199+0000] {taskinstance.py:1206} INFO - Marking task as SUCCESS. dag_id=dag_prueba_tecnica, task_id=entrenamiento, run_id=scheduled__2024-08-08T00:00:00+00:00, execution_date=20240808T000000, start_date=20240812T111330, end_date=20240812T111340
[2024-08-12T11:13:40.266+0000] {local_task_job_runner.py:243} INFO - Task exited with return code 0
[2024-08-12T11:13:40.279+0000] {taskinstance.py:3503} INFO - 0 downstream tasks scheduled from follow-on schedule check
[2024-08-12T11:13:40.282+0000] {local_task_job_runner.py:222} INFO - ::endgroup::
