[2024-08-08T09:43:31.871+0000] {local_task_job_runner.py:120} INFO - ::group::Pre task execution logs
[2024-08-08T09:43:31.893+0000] {taskinstance.py:2076} INFO - Dependencies all met for dep_context=non-requeueable deps ti=<TaskInstance: dag_prueba_tecnica.entrenamiento manual__2024-08-08T09:31:32.337668+00:00 [queued]>
[2024-08-08T09:43:31.898+0000] {taskinstance.py:2076} INFO - Dependencies all met for dep_context=requeueable deps ti=<TaskInstance: dag_prueba_tecnica.entrenamiento manual__2024-08-08T09:31:32.337668+00:00 [queued]>
[2024-08-08T09:43:31.899+0000] {taskinstance.py:2306} INFO - Starting attempt 1 of 6
[2024-08-08T09:43:31.911+0000] {taskinstance.py:2330} INFO - Executing <Task(PythonOperator): entrenamiento> on 2024-08-08 09:31:32.337668+00:00
[2024-08-08T09:43:31.919+0000] {warnings.py:112} WARNING - /home/***/.local/lib/python3.12/site-packages/***/task/task_runner/standard_task_runner.py:62: DeprecationWarning: This process (pid=364) is multi-threaded, use of fork() may lead to deadlocks in the child.
  pid = os.fork()

[2024-08-08T09:43:31.919+0000] {standard_task_runner.py:90} INFO - Running: ['***', 'tasks', 'run', 'dag_prueba_tecnica', 'entrenamiento', 'manual__2024-08-08T09:31:32.337668+00:00', '--job-id', '10', '--raw', '--subdir', 'DAGS_FOLDER/dag_prueba_tecnica.py', '--cfg-path', '/tmp/tmpu_cowdsy']
[2024-08-08T09:43:31.921+0000] {standard_task_runner.py:64} INFO - Started process 377 to run task
[2024-08-08T09:43:31.921+0000] {standard_task_runner.py:91} INFO - Job 10: Subtask entrenamiento
[2024-08-08T09:43:31.961+0000] {task_command.py:426} INFO - Running <TaskInstance: dag_prueba_tecnica.entrenamiento manual__2024-08-08T09:31:32.337668+00:00 [running]> on host 9fb498cdebb0
[2024-08-08T09:43:32.027+0000] {taskinstance.py:2648} INFO - Exporting env vars: AIRFLOW_CTX_DAG_OWNER='miguel_guimarey' AIRFLOW_CTX_DAG_ID='dag_prueba_tecnica' AIRFLOW_CTX_TASK_ID='entrenamiento' AIRFLOW_CTX_EXECUTION_DATE='2024-08-08T09:31:32.337668+00:00' AIRFLOW_CTX_TRY_NUMBER='1' AIRFLOW_CTX_DAG_RUN_ID='manual__2024-08-08T09:31:32.337668+00:00'
[2024-08-08T09:43:32.028+0000] {taskinstance.py:430} INFO - ::endgroup::
[2024-08-08T09:43:32.038+0000] {base.py:84} INFO - Using connection ID 'postgres_localhost' for task execution.
[2024-08-08T09:43:39.801+0000] {logging_mixin.py:188} INFO - Entrenamos el modelo
[2024-08-08T09:43:40.564+0000] {logging_mixin.py:188} INFO - [0]	validation_0-auc:0.64309
[2024-08-08T09:43:40.579+0000] {logging_mixin.py:188} INFO - [1]	validation_0-auc:0.65000
[2024-08-08T09:43:40.593+0000] {logging_mixin.py:188} INFO - [2]	validation_0-auc:0.65650
[2024-08-08T09:43:40.605+0000] {logging_mixin.py:188} INFO - [3]	validation_0-auc:0.66018
[2024-08-08T09:43:40.618+0000] {logging_mixin.py:188} INFO - [4]	validation_0-auc:0.66084
[2024-08-08T09:43:40.631+0000] {logging_mixin.py:188} INFO - [5]	validation_0-auc:0.66346
[2024-08-08T09:43:40.662+0000] {logging_mixin.py:188} INFO - [6]	validation_0-auc:0.66695
[2024-08-08T09:43:40.685+0000] {logging_mixin.py:188} INFO - [7]	validation_0-auc:0.67142
[2024-08-08T09:43:40.703+0000] {logging_mixin.py:188} INFO - [8]	validation_0-auc:0.67278
[2024-08-08T09:43:40.716+0000] {logging_mixin.py:188} INFO - [9]	validation_0-auc:0.67381
[2024-08-08T09:43:40.728+0000] {logging_mixin.py:188} INFO - [10]	validation_0-auc:0.67610
[2024-08-08T09:43:40.742+0000] {logging_mixin.py:188} INFO - [11]	validation_0-auc:0.67655
[2024-08-08T09:43:40.755+0000] {logging_mixin.py:188} INFO - [12]	validation_0-auc:0.67815
[2024-08-08T09:43:40.773+0000] {logging_mixin.py:188} INFO - [13]	validation_0-auc:0.67874
[2024-08-08T09:43:40.790+0000] {logging_mixin.py:188} INFO - [14]	validation_0-auc:0.67847
[2024-08-08T09:43:40.808+0000] {logging_mixin.py:188} INFO - [15]	validation_0-auc:0.68046
[2024-08-08T09:43:40.825+0000] {logging_mixin.py:188} INFO - [16]	validation_0-auc:0.68222
[2024-08-08T09:43:40.844+0000] {logging_mixin.py:188} INFO - [17]	validation_0-auc:0.68232
[2024-08-08T09:43:40.861+0000] {logging_mixin.py:188} INFO - [18]	validation_0-auc:0.68252
[2024-08-08T09:43:40.876+0000] {logging_mixin.py:188} INFO - [19]	validation_0-auc:0.68290
[2024-08-08T09:43:40.890+0000] {logging_mixin.py:188} INFO - [20]	validation_0-auc:0.68216
[2024-08-08T09:43:40.913+0000] {logging_mixin.py:188} INFO - [21]	validation_0-auc:0.68306
[2024-08-08T09:43:40.933+0000] {logging_mixin.py:188} INFO - [22]	validation_0-auc:0.68293
[2024-08-08T09:43:40.955+0000] {logging_mixin.py:188} INFO - [23]	validation_0-auc:0.68334
[2024-08-08T09:43:40.972+0000] {logging_mixin.py:188} INFO - [24]	validation_0-auc:0.68413
[2024-08-08T09:43:40.983+0000] {logging_mixin.py:188} INFO - [25]	validation_0-auc:0.68420
[2024-08-08T09:43:40.993+0000] {logging_mixin.py:188} INFO - [26]	validation_0-auc:0.68382
[2024-08-08T09:43:41.005+0000] {logging_mixin.py:188} INFO - [27]	validation_0-auc:0.68347
[2024-08-08T09:43:41.019+0000] {logging_mixin.py:188} INFO - [28]	validation_0-auc:0.68391
[2024-08-08T09:43:41.032+0000] {logging_mixin.py:188} INFO - [29]	validation_0-auc:0.68385
[2024-08-08T09:43:41.042+0000] {logging_mixin.py:188} INFO - [30]	validation_0-auc:0.68393
[2024-08-08T09:43:41.055+0000] {logging_mixin.py:188} INFO - [31]	validation_0-auc:0.68350
[2024-08-08T09:43:41.065+0000] {logging_mixin.py:188} INFO - [32]	validation_0-auc:0.68348
[2024-08-08T09:43:41.078+0000] {logging_mixin.py:188} INFO - [33]	validation_0-auc:0.68337
[2024-08-08T09:43:41.094+0000] {logging_mixin.py:188} INFO - [34]	validation_0-auc:0.68364
[2024-08-08T09:43:41.108+0000] {logging_mixin.py:188} INFO - [35]	validation_0-auc:0.68320
[2024-08-08T09:43:41.122+0000] {logging_mixin.py:188} INFO - [36]	validation_0-auc:0.68295
[2024-08-08T09:43:41.132+0000] {logging_mixin.py:188} INFO - [37]	validation_0-auc:0.68358
[2024-08-08T09:43:41.142+0000] {logging_mixin.py:188} INFO - [38]	validation_0-auc:0.68338
[2024-08-08T09:43:41.159+0000] {logging_mixin.py:188} INFO - [39]	validation_0-auc:0.68373
[2024-08-08T09:43:41.167+0000] {logging_mixin.py:188} INFO - [40]	validation_0-auc:0.68468
[2024-08-08T09:43:41.176+0000] {logging_mixin.py:188} INFO - [41]	validation_0-auc:0.68543
[2024-08-08T09:43:41.185+0000] {logging_mixin.py:188} INFO - [42]	validation_0-auc:0.68535
[2024-08-08T09:43:41.194+0000] {logging_mixin.py:188} INFO - [43]	validation_0-auc:0.68540
[2024-08-08T09:43:41.207+0000] {logging_mixin.py:188} INFO - [44]	validation_0-auc:0.68506
[2024-08-08T09:43:41.221+0000] {logging_mixin.py:188} INFO - [45]	validation_0-auc:0.68511
[2024-08-08T09:43:41.230+0000] {logging_mixin.py:188} INFO - [46]	validation_0-auc:0.68580
[2024-08-08T09:43:41.237+0000] {logging_mixin.py:188} INFO - [47]	validation_0-auc:0.68598
[2024-08-08T09:43:41.246+0000] {logging_mixin.py:188} INFO - [48]	validation_0-auc:0.68577
[2024-08-08T09:43:41.254+0000] {logging_mixin.py:188} INFO - [49]	validation_0-auc:0.68577
[2024-08-08T09:43:41.262+0000] {logging_mixin.py:188} INFO - [50]	validation_0-auc:0.68630
[2024-08-08T09:43:41.271+0000] {logging_mixin.py:188} INFO - [51]	validation_0-auc:0.68697
[2024-08-08T09:43:41.278+0000] {logging_mixin.py:188} INFO - [52]	validation_0-auc:0.68660
[2024-08-08T09:43:41.286+0000] {logging_mixin.py:188} INFO - [53]	validation_0-auc:0.68681
[2024-08-08T09:43:41.293+0000] {logging_mixin.py:188} INFO - [54]	validation_0-auc:0.68669
[2024-08-08T09:43:41.301+0000] {logging_mixin.py:188} INFO - [55]	validation_0-auc:0.68691
[2024-08-08T09:43:41.311+0000] {logging_mixin.py:188} INFO - [56]	validation_0-auc:0.68695
[2024-08-08T09:43:41.378+0000] {logging_mixin.py:188} INFO - [57]	validation_0-auc:0.68765
[2024-08-08T09:43:41.738+0000] {logging_mixin.py:188} INFO - [58]	validation_0-auc:0.68757
[2024-08-08T09:43:41.788+0000] {logging_mixin.py:188} INFO - [59]	validation_0-auc:0.68843
[2024-08-08T09:43:41.830+0000] {logging_mixin.py:188} INFO - [60]	validation_0-auc:0.68783
[2024-08-08T09:43:41.863+0000] {logging_mixin.py:188} INFO - [61]	validation_0-auc:0.68768
[2024-08-08T09:43:41.880+0000] {logging_mixin.py:188} INFO - [62]	validation_0-auc:0.68709
[2024-08-08T09:43:41.894+0000] {logging_mixin.py:188} INFO - [63]	validation_0-auc:0.68664
[2024-08-08T09:43:41.913+0000] {logging_mixin.py:188} INFO - [64]	validation_0-auc:0.68732
[2024-08-08T09:43:41.928+0000] {logging_mixin.py:188} INFO - [65]	validation_0-auc:0.68842
[2024-08-08T09:43:41.944+0000] {logging_mixin.py:188} INFO - [66]	validation_0-auc:0.68827
[2024-08-08T09:43:41.960+0000] {logging_mixin.py:188} INFO - [67]	validation_0-auc:0.68798
[2024-08-08T09:43:41.978+0000] {logging_mixin.py:188} INFO - [68]	validation_0-auc:0.68794
[2024-08-08T09:43:42.002+0000] {logging_mixin.py:188} INFO - [69]	validation_0-auc:0.68792
[2024-08-08T09:43:42.026+0000] {logging_mixin.py:188} INFO - [70]	validation_0-auc:0.68788
[2024-08-08T09:43:42.042+0000] {logging_mixin.py:188} INFO - [71]	validation_0-auc:0.68782
[2024-08-08T09:43:42.060+0000] {logging_mixin.py:188} INFO - [72]	validation_0-auc:0.68806
[2024-08-08T09:43:42.077+0000] {logging_mixin.py:188} INFO - [73]	validation_0-auc:0.68847
[2024-08-08T09:43:42.105+0000] {logging_mixin.py:188} INFO - [74]	validation_0-auc:0.68804
[2024-08-08T09:43:42.135+0000] {logging_mixin.py:188} INFO - [75]	validation_0-auc:0.68826
[2024-08-08T09:43:42.189+0000] {logging_mixin.py:188} INFO - [76]	validation_0-auc:0.68839
[2024-08-08T09:43:42.208+0000] {logging_mixin.py:188} INFO - [77]	validation_0-auc:0.68849
[2024-08-08T09:43:42.268+0000] {logging_mixin.py:188} INFO - [78]	validation_0-auc:0.68826
[2024-08-08T09:43:42.505+0000] {logging_mixin.py:188} INFO - [79]	validation_0-auc:0.68792
[2024-08-08T09:43:42.573+0000] {logging_mixin.py:188} INFO - [80]	validation_0-auc:0.68799
[2024-08-08T09:43:42.614+0000] {logging_mixin.py:188} INFO - [81]	validation_0-auc:0.68817
[2024-08-08T09:43:42.625+0000] {logging_mixin.py:188} INFO - [82]	validation_0-auc:0.68860
[2024-08-08T09:43:42.644+0000] {logging_mixin.py:188} INFO - [83]	validation_0-auc:0.68813
[2024-08-08T09:43:42.659+0000] {logging_mixin.py:188} INFO - [84]	validation_0-auc:0.68739
[2024-08-08T09:43:42.679+0000] {logging_mixin.py:188} INFO - [85]	validation_0-auc:0.68722
[2024-08-08T09:43:42.701+0000] {logging_mixin.py:188} INFO - [86]	validation_0-auc:0.68661
[2024-08-08T09:43:42.725+0000] {logging_mixin.py:188} INFO - [87]	validation_0-auc:0.68690
[2024-08-08T09:43:42.743+0000] {logging_mixin.py:188} INFO - [88]	validation_0-auc:0.68658
[2024-08-08T09:43:42.759+0000] {logging_mixin.py:188} INFO - [89]	validation_0-auc:0.68660
[2024-08-08T09:43:42.791+0000] {logging_mixin.py:188} INFO - [90]	validation_0-auc:0.68658
[2024-08-08T09:43:42.812+0000] {logging_mixin.py:188} INFO - [91]	validation_0-auc:0.68642
[2024-08-08T09:43:42.826+0000] {logging_mixin.py:188} INFO - [92]	validation_0-auc:0.68646
[2024-08-08T09:43:42.848+0000] {logging_mixin.py:188} INFO - [93]	validation_0-auc:0.68585
[2024-08-08T09:43:42.861+0000] {logging_mixin.py:188} INFO - [94]	validation_0-auc:0.68586
[2024-08-08T09:43:42.874+0000] {logging_mixin.py:188} INFO - [95]	validation_0-auc:0.68545
[2024-08-08T09:43:42.889+0000] {logging_mixin.py:188} INFO - [96]	validation_0-auc:0.68539
[2024-08-08T09:43:42.901+0000] {logging_mixin.py:188} INFO - [97]	validation_0-auc:0.68532
[2024-08-08T09:43:42.913+0000] {logging_mixin.py:188} INFO - [98]	validation_0-auc:0.68442
[2024-08-08T09:43:42.924+0000] {logging_mixin.py:188} INFO - [99]	validation_0-auc:0.68448
[2024-08-08T09:43:43.082+0000] {logging_mixin.py:188} INFO - AUC Train: 0.6272
AUC Valid: 0.6302
[2024-08-08T09:43:43.084+0000] {python.py:237} INFO - Done. Returned value was: None
[2024-08-08T09:43:43.085+0000] {taskinstance.py:441} INFO - ::group::Post task execution logs
[2024-08-08T09:43:43.092+0000] {taskinstance.py:1206} INFO - Marking task as SUCCESS. dag_id=dag_prueba_tecnica, task_id=entrenamiento, run_id=manual__2024-08-08T09:31:32.337668+00:00, execution_date=20240808T093132, start_date=20240808T094331, end_date=20240808T094343
[2024-08-08T09:43:43.199+0000] {local_task_job_runner.py:243} INFO - Task exited with return code 0
[2024-08-08T09:43:43.205+0000] {local_task_job_runner.py:222} INFO - ::endgroup::
