[2024-08-08T10:41:18.389+0000] {local_task_job_runner.py:120} INFO - ::group::Pre task execution logs
[2024-08-08T10:41:18.403+0000] {taskinstance.py:2076} INFO - Dependencies all met for dep_context=non-requeueable deps ti=<TaskInstance: dag_prueba_tecnica.entrenamiento manual__2024-08-08T10:40:13.933205+00:00 [queued]>
[2024-08-08T10:41:18.409+0000] {taskinstance.py:2076} INFO - Dependencies all met for dep_context=requeueable deps ti=<TaskInstance: dag_prueba_tecnica.entrenamiento manual__2024-08-08T10:40:13.933205+00:00 [queued]>
[2024-08-08T10:41:18.409+0000] {taskinstance.py:2306} INFO - Starting attempt 1 of 6
[2024-08-08T10:41:18.419+0000] {taskinstance.py:2330} INFO - Executing <Task(PythonOperator): entrenamiento> on 2024-08-08 10:40:13.933205+00:00
[2024-08-08T10:41:18.425+0000] {warnings.py:112} WARNING - /home/***/.local/lib/python3.12/site-packages/***/task/task_runner/standard_task_runner.py:62: DeprecationWarning: This process (pid=109) is multi-threaded, use of fork() may lead to deadlocks in the child.
  pid = os.fork()

[2024-08-08T10:41:18.426+0000] {standard_task_runner.py:90} INFO - Running: ['***', 'tasks', 'run', 'dag_prueba_tecnica', 'entrenamiento', 'manual__2024-08-08T10:40:13.933205+00:00', '--job-id', '29', '--raw', '--subdir', 'DAGS_FOLDER/dag_prueba_tecnica.py', '--cfg-path', '/tmp/tmppziispj3']
[2024-08-08T10:41:18.427+0000] {standard_task_runner.py:64} INFO - Started process 122 to run task
[2024-08-08T10:41:18.427+0000] {standard_task_runner.py:91} INFO - Job 29: Subtask entrenamiento
[2024-08-08T10:41:18.456+0000] {task_command.py:426} INFO - Running <TaskInstance: dag_prueba_tecnica.entrenamiento manual__2024-08-08T10:40:13.933205+00:00 [running]> on host 9fb498cdebb0
[2024-08-08T10:41:18.512+0000] {taskinstance.py:2648} INFO - Exporting env vars: AIRFLOW_CTX_DAG_OWNER='miguel_guimarey' AIRFLOW_CTX_DAG_ID='dag_prueba_tecnica' AIRFLOW_CTX_TASK_ID='entrenamiento' AIRFLOW_CTX_EXECUTION_DATE='2024-08-08T10:40:13.933205+00:00' AIRFLOW_CTX_TRY_NUMBER='1' AIRFLOW_CTX_DAG_RUN_ID='manual__2024-08-08T10:40:13.933205+00:00'
[2024-08-08T10:41:18.513+0000] {taskinstance.py:430} INFO - ::endgroup::
[2024-08-08T10:41:18.519+0000] {base.py:84} INFO - Using connection ID 'postgres_localhost' for task execution.
[2024-08-08T10:41:25.337+0000] {logging_mixin.py:188} INFO - Entrenamos el modelo
[2024-08-08T10:41:25.797+0000] {logging_mixin.py:188} INFO - [0]	validation_0-auc:0.64309
[2024-08-08T10:41:25.805+0000] {logging_mixin.py:188} INFO - [1]	validation_0-auc:0.64385
[2024-08-08T10:41:25.812+0000] {logging_mixin.py:188} INFO - [2]	validation_0-auc:0.64324
[2024-08-08T10:41:25.819+0000] {logging_mixin.py:188} INFO - [3]	validation_0-auc:0.64380
[2024-08-08T10:41:25.826+0000] {logging_mixin.py:188} INFO - [4]	validation_0-auc:0.64413
[2024-08-08T10:41:25.833+0000] {logging_mixin.py:188} INFO - [5]	validation_0-auc:0.64451
[2024-08-08T10:41:25.840+0000] {logging_mixin.py:188} INFO - [6]	validation_0-auc:0.64492
[2024-08-08T10:41:25.847+0000] {logging_mixin.py:188} INFO - [7]	validation_0-auc:0.64631
[2024-08-08T10:41:25.855+0000] {logging_mixin.py:188} INFO - [8]	validation_0-auc:0.64711
[2024-08-08T10:41:25.868+0000] {logging_mixin.py:188} INFO - [9]	validation_0-auc:0.64757
[2024-08-08T10:41:25.876+0000] {logging_mixin.py:188} INFO - [10]	validation_0-auc:0.64767
[2024-08-08T10:41:25.883+0000] {logging_mixin.py:188} INFO - [11]	validation_0-auc:0.64786
[2024-08-08T10:41:25.891+0000] {logging_mixin.py:188} INFO - [12]	validation_0-auc:0.64773
[2024-08-08T10:41:25.898+0000] {logging_mixin.py:188} INFO - [13]	validation_0-auc:0.64786
[2024-08-08T10:41:25.905+0000] {logging_mixin.py:188} INFO - [14]	validation_0-auc:0.64784
[2024-08-08T10:41:25.912+0000] {logging_mixin.py:188} INFO - [15]	validation_0-auc:0.64828
[2024-08-08T10:41:25.919+0000] {logging_mixin.py:188} INFO - [16]	validation_0-auc:0.64826
[2024-08-08T10:41:25.926+0000] {logging_mixin.py:188} INFO - [17]	validation_0-auc:0.64836
[2024-08-08T10:41:25.933+0000] {logging_mixin.py:188} INFO - [18]	validation_0-auc:0.64912
[2024-08-08T10:41:25.941+0000] {logging_mixin.py:188} INFO - [19]	validation_0-auc:0.64933
[2024-08-08T10:41:25.948+0000] {logging_mixin.py:188} INFO - [20]	validation_0-auc:0.64944
[2024-08-08T10:41:25.956+0000] {logging_mixin.py:188} INFO - [21]	validation_0-auc:0.64973
[2024-08-08T10:41:25.962+0000] {logging_mixin.py:188} INFO - [22]	validation_0-auc:0.65090
[2024-08-08T10:41:25.969+0000] {logging_mixin.py:188} INFO - [23]	validation_0-auc:0.65132
[2024-08-08T10:41:25.976+0000] {logging_mixin.py:188} INFO - [24]	validation_0-auc:0.65138
[2024-08-08T10:41:25.983+0000] {logging_mixin.py:188} INFO - [25]	validation_0-auc:0.65131
[2024-08-08T10:41:25.994+0000] {logging_mixin.py:188} INFO - [26]	validation_0-auc:0.65129
[2024-08-08T10:41:26.002+0000] {logging_mixin.py:188} INFO - [27]	validation_0-auc:0.65135
[2024-08-08T10:41:26.009+0000] {logging_mixin.py:188} INFO - [28]	validation_0-auc:0.65193
[2024-08-08T10:41:26.017+0000] {logging_mixin.py:188} INFO - [29]	validation_0-auc:0.65206
[2024-08-08T10:41:26.024+0000] {logging_mixin.py:188} INFO - [30]	validation_0-auc:0.65220
[2024-08-08T10:41:26.031+0000] {logging_mixin.py:188} INFO - [31]	validation_0-auc:0.65202
[2024-08-08T10:41:26.038+0000] {logging_mixin.py:188} INFO - [32]	validation_0-auc:0.65244
[2024-08-08T10:41:26.045+0000] {logging_mixin.py:188} INFO - [33]	validation_0-auc:0.65248
[2024-08-08T10:41:26.052+0000] {logging_mixin.py:188} INFO - [34]	validation_0-auc:0.65268
[2024-08-08T10:41:26.060+0000] {logging_mixin.py:188} INFO - [35]	validation_0-auc:0.65290
[2024-08-08T10:41:26.067+0000] {logging_mixin.py:188} INFO - [36]	validation_0-auc:0.65299
[2024-08-08T10:41:26.074+0000] {logging_mixin.py:188} INFO - [37]	validation_0-auc:0.65348
[2024-08-08T10:41:26.082+0000] {logging_mixin.py:188} INFO - [38]	validation_0-auc:0.65366
[2024-08-08T10:41:26.089+0000] {logging_mixin.py:188} INFO - [39]	validation_0-auc:0.65385
[2024-08-08T10:41:26.096+0000] {logging_mixin.py:188} INFO - [40]	validation_0-auc:0.65412
[2024-08-08T10:41:26.103+0000] {logging_mixin.py:188} INFO - [41]	validation_0-auc:0.65444
[2024-08-08T10:41:26.110+0000] {logging_mixin.py:188} INFO - [42]	validation_0-auc:0.65489
[2024-08-08T10:41:26.117+0000] {logging_mixin.py:188} INFO - [43]	validation_0-auc:0.65509
[2024-08-08T10:41:26.124+0000] {logging_mixin.py:188} INFO - [44]	validation_0-auc:0.65522
[2024-08-08T10:41:26.131+0000] {logging_mixin.py:188} INFO - [45]	validation_0-auc:0.65539
[2024-08-08T10:41:26.138+0000] {logging_mixin.py:188} INFO - [46]	validation_0-auc:0.65609
[2024-08-08T10:41:26.145+0000] {logging_mixin.py:188} INFO - [47]	validation_0-auc:0.65607
[2024-08-08T10:41:26.152+0000] {logging_mixin.py:188} INFO - [48]	validation_0-auc:0.65623
[2024-08-08T10:41:26.160+0000] {logging_mixin.py:188} INFO - [49]	validation_0-auc:0.65642
[2024-08-08T10:41:26.169+0000] {logging_mixin.py:188} INFO - [50]	validation_0-auc:0.65650
[2024-08-08T10:41:26.176+0000] {logging_mixin.py:188} INFO - [51]	validation_0-auc:0.65662
[2024-08-08T10:41:26.201+0000] {logging_mixin.py:188} INFO - [52]	validation_0-auc:0.65686
[2024-08-08T10:41:26.216+0000] {logging_mixin.py:188} INFO - [53]	validation_0-auc:0.65710
[2024-08-08T10:41:26.226+0000] {logging_mixin.py:188} INFO - [54]	validation_0-auc:0.65718
[2024-08-08T10:41:26.235+0000] {logging_mixin.py:188} INFO - [55]	validation_0-auc:0.65735
[2024-08-08T10:41:26.242+0000] {logging_mixin.py:188} INFO - [56]	validation_0-auc:0.65743
[2024-08-08T10:41:26.252+0000] {logging_mixin.py:188} INFO - [57]	validation_0-auc:0.65753
[2024-08-08T10:41:26.260+0000] {logging_mixin.py:188} INFO - [58]	validation_0-auc:0.65781
[2024-08-08T10:41:26.266+0000] {logging_mixin.py:188} INFO - [59]	validation_0-auc:0.65785
[2024-08-08T10:41:26.274+0000] {logging_mixin.py:188} INFO - [60]	validation_0-auc:0.65793
[2024-08-08T10:41:26.281+0000] {logging_mixin.py:188} INFO - [61]	validation_0-auc:0.65817
[2024-08-08T10:41:26.288+0000] {logging_mixin.py:188} INFO - [62]	validation_0-auc:0.65832
[2024-08-08T10:41:26.296+0000] {logging_mixin.py:188} INFO - [63]	validation_0-auc:0.65841
[2024-08-08T10:41:26.302+0000] {logging_mixin.py:188} INFO - [64]	validation_0-auc:0.65864
[2024-08-08T10:41:26.310+0000] {logging_mixin.py:188} INFO - [65]	validation_0-auc:0.65869
[2024-08-08T10:41:26.324+0000] {logging_mixin.py:188} INFO - [66]	validation_0-auc:0.65880
[2024-08-08T10:41:26.332+0000] {logging_mixin.py:188} INFO - [67]	validation_0-auc:0.65881
[2024-08-08T10:41:26.341+0000] {logging_mixin.py:188} INFO - [68]	validation_0-auc:0.65878
[2024-08-08T10:41:26.348+0000] {logging_mixin.py:188} INFO - [69]	validation_0-auc:0.65901
[2024-08-08T10:41:26.355+0000] {logging_mixin.py:188} INFO - [70]	validation_0-auc:0.65923
[2024-08-08T10:41:26.362+0000] {logging_mixin.py:188} INFO - [71]	validation_0-auc:0.65955
[2024-08-08T10:41:26.376+0000] {logging_mixin.py:188} INFO - [72]	validation_0-auc:0.65957
[2024-08-08T10:41:26.391+0000] {logging_mixin.py:188} INFO - [73]	validation_0-auc:0.65985
[2024-08-08T10:41:26.408+0000] {logging_mixin.py:188} INFO - [74]	validation_0-auc:0.66014
[2024-08-08T10:41:26.424+0000] {logging_mixin.py:188} INFO - [75]	validation_0-auc:0.66041
[2024-08-08T10:41:26.432+0000] {logging_mixin.py:188} INFO - [76]	validation_0-auc:0.66071
[2024-08-08T10:41:26.445+0000] {logging_mixin.py:188} INFO - [77]	validation_0-auc:0.66106
[2024-08-08T10:41:26.458+0000] {logging_mixin.py:188} INFO - [78]	validation_0-auc:0.66133
[2024-08-08T10:41:26.471+0000] {logging_mixin.py:188} INFO - [79]	validation_0-auc:0.66160
[2024-08-08T10:41:26.480+0000] {logging_mixin.py:188} INFO - [80]	validation_0-auc:0.66182
[2024-08-08T10:41:26.487+0000] {logging_mixin.py:188} INFO - [81]	validation_0-auc:0.66203
[2024-08-08T10:41:26.495+0000] {logging_mixin.py:188} INFO - [82]	validation_0-auc:0.66197
[2024-08-08T10:41:26.502+0000] {logging_mixin.py:188} INFO - [83]	validation_0-auc:0.66211
[2024-08-08T10:41:26.512+0000] {logging_mixin.py:188} INFO - [84]	validation_0-auc:0.66221
[2024-08-08T10:41:26.519+0000] {logging_mixin.py:188} INFO - [85]	validation_0-auc:0.66245
[2024-08-08T10:41:26.529+0000] {logging_mixin.py:188} INFO - [86]	validation_0-auc:0.66264
[2024-08-08T10:41:26.536+0000] {logging_mixin.py:188} INFO - [87]	validation_0-auc:0.66302
[2024-08-08T10:41:26.544+0000] {logging_mixin.py:188} INFO - [88]	validation_0-auc:0.66323
[2024-08-08T10:41:26.551+0000] {logging_mixin.py:188} INFO - [89]	validation_0-auc:0.66350
[2024-08-08T10:41:26.558+0000] {logging_mixin.py:188} INFO - [90]	validation_0-auc:0.66369
[2024-08-08T10:41:26.565+0000] {logging_mixin.py:188} INFO - [91]	validation_0-auc:0.66384
[2024-08-08T10:41:26.573+0000] {logging_mixin.py:188} INFO - [92]	validation_0-auc:0.66385
[2024-08-08T10:41:26.580+0000] {logging_mixin.py:188} INFO - [93]	validation_0-auc:0.66409
[2024-08-08T10:41:26.587+0000] {logging_mixin.py:188} INFO - [94]	validation_0-auc:0.66431
[2024-08-08T10:41:26.594+0000] {logging_mixin.py:188} INFO - [95]	validation_0-auc:0.66453
[2024-08-08T10:41:26.603+0000] {logging_mixin.py:188} INFO - [96]	validation_0-auc:0.66465
[2024-08-08T10:41:26.610+0000] {logging_mixin.py:188} INFO - [97]	validation_0-auc:0.66488
[2024-08-08T10:41:26.618+0000] {logging_mixin.py:188} INFO - [98]	validation_0-auc:0.66513
[2024-08-08T10:41:26.625+0000] {logging_mixin.py:188} INFO - [99]	validation_0-auc:0.66525
[2024-08-08T10:41:26.681+0000] {logging_mixin.py:188} INFO - 
AUC Train: 0.6127
AUC Valid: 0.6177
[2024-08-08T10:41:26.683+0000] {logging_mixin.py:188} INFO - 
Accuracy: 0.6124
[2024-08-08T10:41:26.684+0000] {python.py:237} INFO - Done. Returned value was: None
[2024-08-08T10:41:26.684+0000] {taskinstance.py:441} INFO - ::group::Post task execution logs
[2024-08-08T10:41:26.691+0000] {taskinstance.py:1206} INFO - Marking task as SUCCESS. dag_id=dag_prueba_tecnica, task_id=entrenamiento, run_id=manual__2024-08-08T10:40:13.933205+00:00, execution_date=20240808T104013, start_date=20240808T104118, end_date=20240808T104126
[2024-08-08T10:41:26.772+0000] {local_task_job_runner.py:243} INFO - Task exited with return code 0
[2024-08-08T10:41:26.782+0000] {taskinstance.py:3503} INFO - 0 downstream tasks scheduled from follow-on schedule check
[2024-08-08T10:41:26.786+0000] {local_task_job_runner.py:222} INFO - ::endgroup::
