[2024-08-08T09:53:57.551+0000] {local_task_job_runner.py:120} INFO - ::group::Pre task execution logs
[2024-08-08T09:53:57.567+0000] {taskinstance.py:2076} INFO - Dependencies all met for dep_context=non-requeueable deps ti=<TaskInstance: dag_prueba_tecnica.entrenamiento manual__2024-08-08T09:52:51.237604+00:00 [queued]>
[2024-08-08T09:53:57.573+0000] {taskinstance.py:2076} INFO - Dependencies all met for dep_context=requeueable deps ti=<TaskInstance: dag_prueba_tecnica.entrenamiento manual__2024-08-08T09:52:51.237604+00:00 [queued]>
[2024-08-08T09:53:57.573+0000] {taskinstance.py:2306} INFO - Starting attempt 1 of 6
[2024-08-08T09:53:57.585+0000] {taskinstance.py:2330} INFO - Executing <Task(PythonOperator): entrenamiento> on 2024-08-08 09:52:51.237604+00:00
[2024-08-08T09:53:57.592+0000] {warnings.py:112} WARNING - /home/***/.local/lib/python3.12/site-packages/***/task/task_runner/standard_task_runner.py:62: DeprecationWarning: This process (pid=550) is multi-threaded, use of fork() may lead to deadlocks in the child.
  pid = os.fork()

[2024-08-08T09:53:57.594+0000] {standard_task_runner.py:64} INFO - Started process 563 to run task
[2024-08-08T09:53:57.593+0000] {standard_task_runner.py:90} INFO - Running: ['***', 'tasks', 'run', 'dag_prueba_tecnica', 'entrenamiento', 'manual__2024-08-08T09:52:51.237604+00:00', '--job-id', '13', '--raw', '--subdir', 'DAGS_FOLDER/dag_prueba_tecnica.py', '--cfg-path', '/tmp/tmpzghjgn7v']
[2024-08-08T09:53:57.594+0000] {standard_task_runner.py:91} INFO - Job 13: Subtask entrenamiento
[2024-08-08T09:53:57.628+0000] {task_command.py:426} INFO - Running <TaskInstance: dag_prueba_tecnica.entrenamiento manual__2024-08-08T09:52:51.237604+00:00 [running]> on host 9fb498cdebb0
[2024-08-08T09:53:57.701+0000] {taskinstance.py:2648} INFO - Exporting env vars: AIRFLOW_CTX_DAG_OWNER='miguel_guimarey' AIRFLOW_CTX_DAG_ID='dag_prueba_tecnica' AIRFLOW_CTX_TASK_ID='entrenamiento' AIRFLOW_CTX_EXECUTION_DATE='2024-08-08T09:52:51.237604+00:00' AIRFLOW_CTX_TRY_NUMBER='1' AIRFLOW_CTX_DAG_RUN_ID='manual__2024-08-08T09:52:51.237604+00:00'
[2024-08-08T09:53:57.702+0000] {taskinstance.py:430} INFO - ::endgroup::
[2024-08-08T09:53:57.708+0000] {base.py:84} INFO - Using connection ID 'postgres_localhost' for task execution.
[2024-08-08T09:54:05.184+0000] {logging_mixin.py:188} INFO - Entrenamos el modelo
[2024-08-08T09:54:06.567+0000] {logging_mixin.py:188} INFO - [0]	validation_0-auc:0.64309
[2024-08-08T09:54:06.590+0000] {logging_mixin.py:188} INFO - [1]	validation_0-auc:0.65000
[2024-08-08T09:54:06.606+0000] {logging_mixin.py:188} INFO - [2]	validation_0-auc:0.65650
[2024-08-08T09:54:06.625+0000] {logging_mixin.py:188} INFO - [3]	validation_0-auc:0.66018
[2024-08-08T09:54:06.651+0000] {logging_mixin.py:188} INFO - [4]	validation_0-auc:0.66084
[2024-08-08T09:54:06.669+0000] {logging_mixin.py:188} INFO - [5]	validation_0-auc:0.66346
[2024-08-08T09:54:06.689+0000] {logging_mixin.py:188} INFO - [6]	validation_0-auc:0.66695
[2024-08-08T09:54:06.706+0000] {logging_mixin.py:188} INFO - [7]	validation_0-auc:0.67142
[2024-08-08T09:54:06.724+0000] {logging_mixin.py:188} INFO - [8]	validation_0-auc:0.67278
[2024-08-08T09:54:06.739+0000] {logging_mixin.py:188} INFO - [9]	validation_0-auc:0.67381
[2024-08-08T09:54:06.763+0000] {logging_mixin.py:188} INFO - [10]	validation_0-auc:0.67610
[2024-08-08T09:54:06.783+0000] {logging_mixin.py:188} INFO - [11]	validation_0-auc:0.67655
[2024-08-08T09:54:06.800+0000] {logging_mixin.py:188} INFO - [12]	validation_0-auc:0.67815
[2024-08-08T09:54:06.822+0000] {logging_mixin.py:188} INFO - [13]	validation_0-auc:0.67874
[2024-08-08T09:54:06.838+0000] {logging_mixin.py:188} INFO - [14]	validation_0-auc:0.67847
[2024-08-08T09:54:06.854+0000] {logging_mixin.py:188} INFO - [15]	validation_0-auc:0.68046
[2024-08-08T09:54:06.866+0000] {logging_mixin.py:188} INFO - [16]	validation_0-auc:0.68222
[2024-08-08T09:54:06.884+0000] {logging_mixin.py:188} INFO - [17]	validation_0-auc:0.68232
[2024-08-08T09:54:06.896+0000] {logging_mixin.py:188} INFO - [18]	validation_0-auc:0.68252
[2024-08-08T09:54:06.924+0000] {logging_mixin.py:188} INFO - [19]	validation_0-auc:0.68290
[2024-08-08T09:54:06.963+0000] {logging_mixin.py:188} INFO - [20]	validation_0-auc:0.68216
[2024-08-08T09:54:06.997+0000] {logging_mixin.py:188} INFO - [21]	validation_0-auc:0.68306
[2024-08-08T09:54:07.104+0000] {logging_mixin.py:188} INFO - [22]	validation_0-auc:0.68293
[2024-08-08T09:54:07.189+0000] {logging_mixin.py:188} INFO - [23]	validation_0-auc:0.68334
[2024-08-08T09:54:07.378+0000] {logging_mixin.py:188} INFO - [24]	validation_0-auc:0.68413
[2024-08-08T09:54:07.460+0000] {logging_mixin.py:188} INFO - [25]	validation_0-auc:0.68420
[2024-08-08T09:54:07.479+0000] {logging_mixin.py:188} INFO - [26]	validation_0-auc:0.68382
[2024-08-08T09:54:07.490+0000] {logging_mixin.py:188} INFO - [27]	validation_0-auc:0.68347
[2024-08-08T09:54:07.500+0000] {logging_mixin.py:188} INFO - [28]	validation_0-auc:0.68391
[2024-08-08T09:54:07.510+0000] {logging_mixin.py:188} INFO - [29]	validation_0-auc:0.68385
[2024-08-08T09:54:07.522+0000] {logging_mixin.py:188} INFO - [30]	validation_0-auc:0.68393
[2024-08-08T09:54:07.530+0000] {logging_mixin.py:188} INFO - [31]	validation_0-auc:0.68350
[2024-08-08T09:54:07.539+0000] {logging_mixin.py:188} INFO - [32]	validation_0-auc:0.68348
[2024-08-08T09:54:07.546+0000] {logging_mixin.py:188} INFO - [33]	validation_0-auc:0.68337
[2024-08-08T09:54:07.557+0000] {logging_mixin.py:188} INFO - [34]	validation_0-auc:0.68364
[2024-08-08T09:54:07.567+0000] {logging_mixin.py:188} INFO - [35]	validation_0-auc:0.68320
[2024-08-08T09:54:07.574+0000] {logging_mixin.py:188} INFO - [36]	validation_0-auc:0.68295
[2024-08-08T09:54:07.585+0000] {logging_mixin.py:188} INFO - [37]	validation_0-auc:0.68358
[2024-08-08T09:54:07.591+0000] {logging_mixin.py:188} INFO - [38]	validation_0-auc:0.68338
[2024-08-08T09:54:07.600+0000] {logging_mixin.py:188} INFO - [39]	validation_0-auc:0.68373
[2024-08-08T09:54:07.606+0000] {logging_mixin.py:188} INFO - [40]	validation_0-auc:0.68468
[2024-08-08T09:54:07.617+0000] {logging_mixin.py:188} INFO - [41]	validation_0-auc:0.68543
[2024-08-08T09:54:07.629+0000] {logging_mixin.py:188} INFO - [42]	validation_0-auc:0.68535
[2024-08-08T09:54:07.638+0000] {logging_mixin.py:188} INFO - [43]	validation_0-auc:0.68540
[2024-08-08T09:54:07.647+0000] {logging_mixin.py:188} INFO - [44]	validation_0-auc:0.68506
[2024-08-08T09:54:07.656+0000] {logging_mixin.py:188} INFO - [45]	validation_0-auc:0.68511
[2024-08-08T09:54:07.667+0000] {logging_mixin.py:188} INFO - [46]	validation_0-auc:0.68580
[2024-08-08T09:54:07.687+0000] {logging_mixin.py:188} INFO - [47]	validation_0-auc:0.68598
[2024-08-08T09:54:07.707+0000] {logging_mixin.py:188} INFO - [48]	validation_0-auc:0.68577
[2024-08-08T09:54:07.717+0000] {logging_mixin.py:188} INFO - [49]	validation_0-auc:0.68577
[2024-08-08T09:54:07.725+0000] {logging_mixin.py:188} INFO - [50]	validation_0-auc:0.68630
[2024-08-08T09:54:07.735+0000] {logging_mixin.py:188} INFO - [51]	validation_0-auc:0.68697
[2024-08-08T09:54:07.740+0000] {logging_mixin.py:188} INFO - [52]	validation_0-auc:0.68660
[2024-08-08T09:54:07.749+0000] {logging_mixin.py:188} INFO - [53]	validation_0-auc:0.68681
[2024-08-08T09:54:07.756+0000] {logging_mixin.py:188} INFO - [54]	validation_0-auc:0.68669
[2024-08-08T09:54:07.763+0000] {logging_mixin.py:188} INFO - [55]	validation_0-auc:0.68691
[2024-08-08T09:54:07.769+0000] {logging_mixin.py:188} INFO - [56]	validation_0-auc:0.68695
[2024-08-08T09:54:07.776+0000] {logging_mixin.py:188} INFO - [57]	validation_0-auc:0.68765
[2024-08-08T09:54:07.787+0000] {logging_mixin.py:188} INFO - [58]	validation_0-auc:0.68757
[2024-08-08T09:54:07.797+0000] {logging_mixin.py:188} INFO - [59]	validation_0-auc:0.68843
[2024-08-08T09:54:07.806+0000] {logging_mixin.py:188} INFO - [60]	validation_0-auc:0.68783
[2024-08-08T09:54:07.817+0000] {logging_mixin.py:188} INFO - [61]	validation_0-auc:0.68768
[2024-08-08T09:54:07.842+0000] {logging_mixin.py:188} INFO - [62]	validation_0-auc:0.68709
[2024-08-08T09:54:07.855+0000] {logging_mixin.py:188} INFO - [63]	validation_0-auc:0.68664
[2024-08-08T09:54:07.871+0000] {logging_mixin.py:188} INFO - [64]	validation_0-auc:0.68732
[2024-08-08T09:54:07.877+0000] {logging_mixin.py:188} INFO - [65]	validation_0-auc:0.68842
[2024-08-08T09:54:07.890+0000] {logging_mixin.py:188} INFO - [66]	validation_0-auc:0.68827
[2024-08-08T09:54:07.903+0000] {logging_mixin.py:188} INFO - [67]	validation_0-auc:0.68798
[2024-08-08T09:54:07.909+0000] {logging_mixin.py:188} INFO - [68]	validation_0-auc:0.68794
[2024-08-08T09:54:07.918+0000] {logging_mixin.py:188} INFO - [69]	validation_0-auc:0.68792
[2024-08-08T09:54:07.942+0000] {logging_mixin.py:188} INFO - [70]	validation_0-auc:0.68788
[2024-08-08T09:54:07.956+0000] {logging_mixin.py:188} INFO - [71]	validation_0-auc:0.68782
[2024-08-08T09:54:07.963+0000] {logging_mixin.py:188} INFO - [72]	validation_0-auc:0.68806
[2024-08-08T09:54:07.971+0000] {logging_mixin.py:188} INFO - [73]	validation_0-auc:0.68847
[2024-08-08T09:54:07.977+0000] {logging_mixin.py:188} INFO - [74]	validation_0-auc:0.68804
[2024-08-08T09:54:07.987+0000] {logging_mixin.py:188} INFO - [75]	validation_0-auc:0.68826
[2024-08-08T09:54:07.994+0000] {logging_mixin.py:188} INFO - [76]	validation_0-auc:0.68839
[2024-08-08T09:54:08.003+0000] {logging_mixin.py:188} INFO - [77]	validation_0-auc:0.68849
[2024-08-08T09:54:08.009+0000] {logging_mixin.py:188} INFO - [78]	validation_0-auc:0.68826
[2024-08-08T09:54:08.019+0000] {logging_mixin.py:188} INFO - [79]	validation_0-auc:0.68792
[2024-08-08T09:54:08.024+0000] {logging_mixin.py:188} INFO - [80]	validation_0-auc:0.68799
[2024-08-08T09:54:08.034+0000] {logging_mixin.py:188} INFO - [81]	validation_0-auc:0.68817
[2024-08-08T09:54:08.039+0000] {logging_mixin.py:188} INFO - [82]	validation_0-auc:0.68860
[2024-08-08T09:54:08.044+0000] {logging_mixin.py:188} INFO - [83]	validation_0-auc:0.68813
[2024-08-08T09:54:08.054+0000] {logging_mixin.py:188} INFO - [84]	validation_0-auc:0.68739
[2024-08-08T09:54:08.060+0000] {logging_mixin.py:188} INFO - [85]	validation_0-auc:0.68722
[2024-08-08T09:54:08.078+0000] {logging_mixin.py:188} INFO - [86]	validation_0-auc:0.68661
[2024-08-08T09:54:08.105+0000] {logging_mixin.py:188} INFO - [87]	validation_0-auc:0.68690
[2024-08-08T09:54:08.122+0000] {logging_mixin.py:188} INFO - [88]	validation_0-auc:0.68658
[2024-08-08T09:54:08.142+0000] {logging_mixin.py:188} INFO - [89]	validation_0-auc:0.68660
[2024-08-08T09:54:08.155+0000] {logging_mixin.py:188} INFO - [90]	validation_0-auc:0.68658
[2024-08-08T09:54:08.170+0000] {logging_mixin.py:188} INFO - [91]	validation_0-auc:0.68642
[2024-08-08T09:54:08.183+0000] {logging_mixin.py:188} INFO - [92]	validation_0-auc:0.68646
[2024-08-08T09:54:08.197+0000] {logging_mixin.py:188} INFO - [93]	validation_0-auc:0.68585
[2024-08-08T09:54:08.217+0000] {logging_mixin.py:188} INFO - [94]	validation_0-auc:0.68586
[2024-08-08T09:54:08.236+0000] {logging_mixin.py:188} INFO - [95]	validation_0-auc:0.68545
[2024-08-08T09:54:08.253+0000] {logging_mixin.py:188} INFO - [96]	validation_0-auc:0.68539
[2024-08-08T09:54:08.268+0000] {logging_mixin.py:188} INFO - [97]	validation_0-auc:0.68532
[2024-08-08T09:54:08.285+0000] {logging_mixin.py:188} INFO - [98]	validation_0-auc:0.68442
[2024-08-08T09:54:08.302+0000] {logging_mixin.py:188} INFO - [99]	validation_0-auc:0.68448
[2024-08-08T09:54:08.362+0000] {logging_mixin.py:188} INFO - AUC Train: 0.6272
AUC Valid: 0.6302
[2024-08-08T09:54:08.364+0000] {python.py:237} INFO - Done. Returned value was: None
[2024-08-08T09:54:08.365+0000] {taskinstance.py:441} INFO - ::group::Post task execution logs
[2024-08-08T09:54:08.371+0000] {taskinstance.py:1206} INFO - Marking task as SUCCESS. dag_id=dag_prueba_tecnica, task_id=entrenamiento, run_id=manual__2024-08-08T09:52:51.237604+00:00, execution_date=20240808T095251, start_date=20240808T095357, end_date=20240808T095408
[2024-08-08T09:54:08.441+0000] {local_task_job_runner.py:243} INFO - Task exited with return code 0
[2024-08-08T09:54:08.451+0000] {taskinstance.py:3503} INFO - 0 downstream tasks scheduled from follow-on schedule check
[2024-08-08T09:54:08.455+0000] {local_task_job_runner.py:222} INFO - ::endgroup::
