[2024-08-12T10:56:05.241+0000] {local_task_job_runner.py:120} INFO - ::group::Pre task execution logs
[2024-08-12T10:56:05.269+0000] {taskinstance.py:2076} INFO - Dependencies all met for dep_context=non-requeueable deps ti=<TaskInstance: dag_prueba_tecnica.limpieza scheduled__2024-08-10T00:00:00+00:00 [queued]>
[2024-08-12T10:56:05.278+0000] {taskinstance.py:2076} INFO - Dependencies all met for dep_context=requeueable deps ti=<TaskInstance: dag_prueba_tecnica.limpieza scheduled__2024-08-10T00:00:00+00:00 [queued]>
[2024-08-12T10:56:05.278+0000] {taskinstance.py:2306} INFO - Starting attempt 1 of 6
[2024-08-12T10:56:05.292+0000] {taskinstance.py:2330} INFO - Executing <Task(PythonOperator): limpieza> on 2024-08-10 00:00:00+00:00
[2024-08-12T10:56:05.306+0000] {warnings.py:112} WARNING - /home/***/.local/lib/python3.12/site-packages/***/task/task_runner/standard_task_runner.py:62: DeprecationWarning: This process (pid=1345) is multi-threaded, use of fork() may lead to deadlocks in the child.
  pid = os.fork()

[2024-08-12T10:56:05.311+0000] {standard_task_runner.py:90} INFO - Running: ['***', 'tasks', 'run', 'dag_prueba_tecnica', 'limpieza', 'scheduled__2024-08-10T00:00:00+00:00', '--job-id', '249', '--raw', '--subdir', 'DAGS_FOLDER/dag_prueba_tecnica.py', '--cfg-path', '/tmp/tmpm_jk4c2q']
[2024-08-12T10:56:05.313+0000] {standard_task_runner.py:64} INFO - Started process 1410 to run task
[2024-08-12T10:56:05.313+0000] {standard_task_runner.py:91} INFO - Job 249: Subtask limpieza
[2024-08-12T10:56:05.411+0000] {task_command.py:426} INFO - Running <TaskInstance: dag_prueba_tecnica.limpieza scheduled__2024-08-10T00:00:00+00:00 [running]> on host 0ad27a48216c
[2024-08-12T10:56:05.523+0000] {taskinstance.py:2648} INFO - Exporting env vars: AIRFLOW_CTX_DAG_OWNER='miguel_guimarey' AIRFLOW_CTX_DAG_ID='dag_prueba_tecnica' AIRFLOW_CTX_TASK_ID='limpieza' AIRFLOW_CTX_EXECUTION_DATE='2024-08-10T00:00:00+00:00' AIRFLOW_CTX_TRY_NUMBER='1' AIRFLOW_CTX_DAG_RUN_ID='scheduled__2024-08-10T00:00:00+00:00'
[2024-08-12T10:56:05.526+0000] {taskinstance.py:430} INFO - ::endgroup::
[2024-08-12T10:56:09.763+0000] {warnings.py:112} WARNING - /opt/***/dags/dag_prueba_tecnica.py:42: FutureWarning: Passing literal json to 'read_json' is deprecated and will be removed in a future version. To read from a literal string, wrap it in a 'StringIO' object.
  df = pd.read_json(data, orient='records')

[2024-08-12T10:56:23.700+0000] {base.py:84} INFO - Using connection ID 'postgres_localhost' for task execution.
[2024-08-12T10:57:01.902+0000] {python.py:237} INFO - Done. Returned value was: None
[2024-08-12T10:57:01.904+0000] {taskinstance.py:441} INFO - ::group::Post task execution logs
[2024-08-12T10:57:01.912+0000] {taskinstance.py:1206} INFO - Marking task as SUCCESS. dag_id=dag_prueba_tecnica, task_id=limpieza, run_id=scheduled__2024-08-10T00:00:00+00:00, execution_date=20240810T000000, start_date=20240812T105605, end_date=20240812T105701
[2024-08-12T10:57:02.067+0000] {local_task_job_runner.py:243} INFO - Task exited with return code 0
[2024-08-12T10:57:02.127+0000] {taskinstance.py:3503} INFO - 1 downstream tasks scheduled from follow-on schedule check
[2024-08-12T10:57:02.130+0000] {local_task_job_runner.py:222} INFO - ::endgroup::
