[2024-08-07T16:13:26.849+0000] {local_task_job_runner.py:120} INFO - ::group::Pre task execution logs
[2024-08-07T16:13:26.868+0000] {taskinstance.py:2076} INFO - Dependencies all met for dep_context=non-requeueable deps ti=<TaskInstance: dag_prueba_tecnica.ingesta manual__2024-08-07T16:13:22.470991+00:00 [queued]>
[2024-08-07T16:13:26.874+0000] {taskinstance.py:2076} INFO - Dependencies all met for dep_context=requeueable deps ti=<TaskInstance: dag_prueba_tecnica.ingesta manual__2024-08-07T16:13:22.470991+00:00 [queued]>
[2024-08-07T16:13:26.874+0000] {taskinstance.py:2306} INFO - Starting attempt 1 of 6
[2024-08-07T16:13:26.885+0000] {taskinstance.py:2330} INFO - Executing <Task(PythonOperator): ingesta> on 2024-08-07 16:13:22.470991+00:00
[2024-08-07T16:13:26.892+0000] {standard_task_runner.py:90} INFO - Running: ['***', 'tasks', 'run', 'dag_prueba_tecnica', 'ingesta', 'manual__2024-08-07T16:13:22.470991+00:00', '--job-id', '176', '--raw', '--subdir', 'DAGS_FOLDER/dag_prueba_tecnica.py', '--cfg-path', '/tmp/tmpy5xiqab5']
[2024-08-07T16:13:26.892+0000] {warnings.py:112} WARNING - /home/***/.local/lib/python3.12/site-packages/***/task/task_runner/standard_task_runner.py:62: DeprecationWarning: This process (pid=74) is multi-threaded, use of fork() may lead to deadlocks in the child.
  pid = os.fork()

[2024-08-07T16:13:26.893+0000] {standard_task_runner.py:91} INFO - Job 176: Subtask ingesta
[2024-08-07T16:13:26.893+0000] {standard_task_runner.py:64} INFO - Started process 87 to run task
[2024-08-07T16:13:26.927+0000] {task_command.py:426} INFO - Running <TaskInstance: dag_prueba_tecnica.ingesta manual__2024-08-07T16:13:22.470991+00:00 [running]> on host 2e0aa47c11fb
[2024-08-07T16:13:26.987+0000] {taskinstance.py:2648} INFO - Exporting env vars: AIRFLOW_CTX_DAG_OWNER='miguel_guimarey' AIRFLOW_CTX_DAG_ID='dag_prueba_tecnica' AIRFLOW_CTX_TASK_ID='ingesta' AIRFLOW_CTX_EXECUTION_DATE='2024-08-07T16:13:22.470991+00:00' AIRFLOW_CTX_TRY_NUMBER='1' AIRFLOW_CTX_DAG_RUN_ID='manual__2024-08-07T16:13:22.470991+00:00'
[2024-08-07T16:13:26.988+0000] {taskinstance.py:430} INFO - ::endgroup::
[2024-08-07T16:13:28.049+0000] {warnings.py:112} WARNING - /opt/***/dags/dag_prueba_tecnica.py:29: DtypeWarning: Columns (46,56,59) have mixed types. Specify dtype option on import or set low_memory=False.
  df = pd.read_csv('/opt/***/dags/dataset.csv', delimiter=';').to_json(orient='records')

[2024-08-07T16:13:29.565+0000] {logging_mixin.py:188} INFO - Se lee el dataset de datos
[2024-08-07T16:13:38.249+0000] {python.py:237} INFO - Done. Returned value was: None
[2024-08-07T16:13:38.256+0000] {taskinstance.py:441} INFO - ::group::Post task execution logs
[2024-08-07T16:13:38.264+0000] {taskinstance.py:1206} INFO - Marking task as SUCCESS. dag_id=dag_prueba_tecnica, task_id=ingesta, run_id=manual__2024-08-07T16:13:22.470991+00:00, execution_date=20240807T161322, start_date=20240807T161326, end_date=20240807T161338
[2024-08-07T16:13:38.308+0000] {local_task_job_runner.py:243} INFO - Task exited with return code 0
[2024-08-07T16:13:38.326+0000] {taskinstance.py:3503} INFO - 1 downstream tasks scheduled from follow-on schedule check
[2024-08-07T16:13:38.329+0000] {local_task_job_runner.py:222} INFO - ::endgroup::
