[2024-08-07T15:47:09.042+0000] {local_task_job_runner.py:120} INFO - ::group::Pre task execution logs
[2024-08-07T15:47:09.074+0000] {taskinstance.py:2076} INFO - Dependencies all met for dep_context=non-requeueable deps ti=<TaskInstance: dag_prueba_tecnica.limpieza scheduled__2024-08-02T00:00:00+00:00 [queued]>
[2024-08-07T15:47:09.079+0000] {taskinstance.py:2076} INFO - Dependencies all met for dep_context=requeueable deps ti=<TaskInstance: dag_prueba_tecnica.limpieza scheduled__2024-08-02T00:00:00+00:00 [queued]>
[2024-08-07T15:47:09.080+0000] {taskinstance.py:2306} INFO - Starting attempt 3 of 6
[2024-08-07T15:47:09.092+0000] {taskinstance.py:2330} INFO - Executing <Task(PythonOperator): limpieza> on 2024-08-02 00:00:00+00:00
[2024-08-07T15:47:09.105+0000] {warnings.py:112} WARNING - /home/***/.local/lib/python3.12/site-packages/***/task/task_runner/standard_task_runner.py:62: DeprecationWarning: This process (pid=219) is multi-threaded, use of fork() may lead to deadlocks in the child.
  pid = os.fork()

[2024-08-07T15:47:09.106+0000] {standard_task_runner.py:64} INFO - Started process 241 to run task
[2024-08-07T15:47:09.106+0000] {standard_task_runner.py:90} INFO - Running: ['***', 'tasks', 'run', 'dag_prueba_tecnica', 'limpieza', 'scheduled__2024-08-02T00:00:00+00:00', '--job-id', '132', '--raw', '--subdir', 'DAGS_FOLDER/dag_prueba_tecnica.py', '--cfg-path', '/tmp/tmpuyez6hbh']
[2024-08-07T15:47:09.107+0000] {standard_task_runner.py:91} INFO - Job 132: Subtask limpieza
[2024-08-07T15:47:09.149+0000] {task_command.py:426} INFO - Running <TaskInstance: dag_prueba_tecnica.limpieza scheduled__2024-08-02T00:00:00+00:00 [running]> on host 278ba5711b2c
[2024-08-07T15:47:09.220+0000] {taskinstance.py:2648} INFO - Exporting env vars: AIRFLOW_CTX_DAG_OWNER='miguel_guimarey' AIRFLOW_CTX_DAG_ID='dag_prueba_tecnica' AIRFLOW_CTX_TASK_ID='limpieza' AIRFLOW_CTX_EXECUTION_DATE='2024-08-02T00:00:00+00:00' AIRFLOW_CTX_TRY_NUMBER='3' AIRFLOW_CTX_DAG_RUN_ID='scheduled__2024-08-02T00:00:00+00:00'
[2024-08-07T15:47:09.222+0000] {taskinstance.py:430} INFO - ::endgroup::
[2024-08-07T15:47:12.836+0000] {warnings.py:112} WARNING - /opt/***/dags/dag_prueba_tecnica.py:37: FutureWarning: Passing literal json to 'read_json' is deprecated and will be removed in a future version. To read from a literal string, wrap it in a 'StringIO' object.
  df = pd.read_json(data, orient='records')

[2024-08-07T15:47:45.045+0000] {base.py:84} INFO - Using connection ID 'postgres_localhost' for task execution.
[2024-08-07T15:49:02.688+0000] {python.py:237} INFO - Done. Returned value was: None
[2024-08-07T15:49:02.689+0000] {taskinstance.py:441} INFO - ::group::Post task execution logs
[2024-08-07T15:49:02.697+0000] {taskinstance.py:1206} INFO - Marking task as SUCCESS. dag_id=dag_prueba_tecnica, task_id=limpieza, run_id=scheduled__2024-08-02T00:00:00+00:00, execution_date=20240802T000000, start_date=20240807T154709, end_date=20240807T154902
[2024-08-07T15:49:02.879+0000] {local_task_job_runner.py:243} INFO - Task exited with return code 0
[2024-08-07T15:49:02.885+0000] {local_task_job_runner.py:222} INFO - ::endgroup::
