[2024-08-07T15:18:42.818+0000] {local_task_job_runner.py:120} INFO - ::group::Pre task execution logs
[2024-08-07T15:18:42.864+0000] {taskinstance.py:2076} INFO - Dependencies all met for dep_context=non-requeueable deps ti=<TaskInstance: dag_prueba_tecnica.ingesta scheduled__2024-08-05T00:00:00+00:00 [queued]>
[2024-08-07T15:18:42.870+0000] {taskinstance.py:2076} INFO - Dependencies all met for dep_context=requeueable deps ti=<TaskInstance: dag_prueba_tecnica.ingesta scheduled__2024-08-05T00:00:00+00:00 [queued]>
[2024-08-07T15:18:42.871+0000] {taskinstance.py:2306} INFO - Starting attempt 3 of 6
[2024-08-07T15:18:42.883+0000] {taskinstance.py:2330} INFO - Executing <Task(PythonOperator): ingesta> on 2024-08-05 00:00:00+00:00
[2024-08-07T15:18:42.897+0000] {warnings.py:112} WARNING - /home/***/.local/lib/python3.12/site-packages/***/task/task_runner/standard_task_runner.py:62: DeprecationWarning: This process (pid=245) is multi-threaded, use of fork() may lead to deadlocks in the child.
  pid = os.fork()

[2024-08-07T15:18:42.899+0000] {standard_task_runner.py:64} INFO - Started process 290 to run task
[2024-08-07T15:18:42.899+0000] {standard_task_runner.py:90} INFO - Running: ['***', 'tasks', 'run', 'dag_prueba_tecnica', 'ingesta', 'scheduled__2024-08-05T00:00:00+00:00', '--job-id', '63', '--raw', '--subdir', 'DAGS_FOLDER/dag_prueba_tecnica.py', '--cfg-path', '/tmp/tmps5a06qmj']
[2024-08-07T15:18:42.899+0000] {standard_task_runner.py:91} INFO - Job 63: Subtask ingesta
[2024-08-07T15:18:42.947+0000] {task_command.py:426} INFO - Running <TaskInstance: dag_prueba_tecnica.ingesta scheduled__2024-08-05T00:00:00+00:00 [running]> on host 278ba5711b2c
[2024-08-07T15:18:43.039+0000] {taskinstance.py:2648} INFO - Exporting env vars: AIRFLOW_CTX_DAG_OWNER='miguel_guimarey' AIRFLOW_CTX_DAG_ID='dag_prueba_tecnica' AIRFLOW_CTX_TASK_ID='ingesta' AIRFLOW_CTX_EXECUTION_DATE='2024-08-05T00:00:00+00:00' AIRFLOW_CTX_TRY_NUMBER='3' AIRFLOW_CTX_DAG_RUN_ID='scheduled__2024-08-05T00:00:00+00:00'
[2024-08-07T15:18:43.041+0000] {taskinstance.py:430} INFO - ::endgroup::
[2024-08-07T15:18:44.546+0000] {warnings.py:112} WARNING - /opt/***/dags/dag_prueba_tecnica.py:29: DtypeWarning: Columns (46,56,59) have mixed types. Specify dtype option on import or set low_memory=False.
  df = pd.read_csv('/opt/***/dags/dataset.csv', delimiter=';').to_json(orient='records')

[2024-08-07T15:18:47.261+0000] {logging_mixin.py:188} INFO - Se lee el dataset de datos
[2024-08-07T15:18:58.119+0000] {python.py:237} INFO - Done. Returned value was: None
[2024-08-07T15:18:58.122+0000] {taskinstance.py:441} INFO - ::group::Post task execution logs
[2024-08-07T15:18:58.131+0000] {taskinstance.py:1206} INFO - Marking task as SUCCESS. dag_id=dag_prueba_tecnica, task_id=ingesta, run_id=scheduled__2024-08-05T00:00:00+00:00, execution_date=20240805T000000, start_date=20240807T151842, end_date=20240807T151858
[2024-08-07T15:18:58.171+0000] {local_task_job_runner.py:243} INFO - Task exited with return code 0
[2024-08-07T15:18:58.210+0000] {taskinstance.py:3503} INFO - 1 downstream tasks scheduled from follow-on schedule check
[2024-08-07T15:18:58.214+0000] {local_task_job_runner.py:222} INFO - ::endgroup::
