[2024-08-08T10:33:32.981+0000] {local_task_job_runner.py:120} INFO - ::group::Pre task execution logs
[2024-08-08T10:33:32.997+0000] {taskinstance.py:2076} INFO - Dependencies all met for dep_context=non-requeueable deps ti=<TaskInstance: dag_prueba_tecnica.limpieza manual__2024-08-08T10:33:17.700622+00:00 [queued]>
[2024-08-08T10:33:33.002+0000] {taskinstance.py:2076} INFO - Dependencies all met for dep_context=requeueable deps ti=<TaskInstance: dag_prueba_tecnica.limpieza manual__2024-08-08T10:33:17.700622+00:00 [queued]>
[2024-08-08T10:33:33.003+0000] {taskinstance.py:2306} INFO - Starting attempt 1 of 6
[2024-08-08T10:33:33.014+0000] {taskinstance.py:2330} INFO - Executing <Task(PythonOperator): limpieza> on 2024-08-08 10:33:17.700622+00:00
[2024-08-08T10:33:33.022+0000] {warnings.py:112} WARNING - /home/***/.local/lib/python3.12/site-packages/***/task/task_runner/standard_task_runner.py:62: DeprecationWarning: This process (pid=95) is multi-threaded, use of fork() may lead to deadlocks in the child.
  pid = os.fork()

[2024-08-08T10:33:33.023+0000] {standard_task_runner.py:90} INFO - Running: ['***', 'tasks', 'run', 'dag_prueba_tecnica', 'limpieza', 'manual__2024-08-08T10:33:17.700622+00:00', '--job-id', '22', '--raw', '--subdir', 'DAGS_FOLDER/dag_prueba_tecnica.py', '--cfg-path', '/tmp/tmpds4yxa4p']
[2024-08-08T10:33:33.024+0000] {standard_task_runner.py:64} INFO - Started process 108 to run task
[2024-08-08T10:33:33.024+0000] {standard_task_runner.py:91} INFO - Job 22: Subtask limpieza
[2024-08-08T10:33:33.061+0000] {task_command.py:426} INFO - Running <TaskInstance: dag_prueba_tecnica.limpieza manual__2024-08-08T10:33:17.700622+00:00 [running]> on host 9fb498cdebb0
[2024-08-08T10:33:33.125+0000] {taskinstance.py:2648} INFO - Exporting env vars: AIRFLOW_CTX_DAG_OWNER='miguel_guimarey' AIRFLOW_CTX_DAG_ID='dag_prueba_tecnica' AIRFLOW_CTX_TASK_ID='limpieza' AIRFLOW_CTX_EXECUTION_DATE='2024-08-08T10:33:17.700622+00:00' AIRFLOW_CTX_TRY_NUMBER='1' AIRFLOW_CTX_DAG_RUN_ID='manual__2024-08-08T10:33:17.700622+00:00'
[2024-08-08T10:33:33.126+0000] {taskinstance.py:430} INFO - ::endgroup::
[2024-08-08T10:33:36.010+0000] {warnings.py:112} WARNING - /opt/***/dags/dag_prueba_tecnica.py:40: FutureWarning: Passing literal json to 'read_json' is deprecated and will be removed in a future version. To read from a literal string, wrap it in a 'StringIO' object.
  df = pd.read_json(data, orient='records')

[2024-08-08T10:33:47.743+0000] {base.py:84} INFO - Using connection ID 'postgres_localhost' for task execution.
[2024-08-08T10:34:24.622+0000] {python.py:237} INFO - Done. Returned value was: None
[2024-08-08T10:34:24.623+0000] {taskinstance.py:441} INFO - ::group::Post task execution logs
[2024-08-08T10:34:24.633+0000] {taskinstance.py:1206} INFO - Marking task as SUCCESS. dag_id=dag_prueba_tecnica, task_id=limpieza, run_id=manual__2024-08-08T10:33:17.700622+00:00, execution_date=20240808T103317, start_date=20240808T103332, end_date=20240808T103424
[2024-08-08T10:34:24.822+0000] {local_task_job_runner.py:243} INFO - Task exited with return code 0
[2024-08-08T10:34:24.853+0000] {taskinstance.py:3503} INFO - 1 downstream tasks scheduled from follow-on schedule check
[2024-08-08T10:34:24.860+0000] {local_task_job_runner.py:222} INFO - ::endgroup::
